b = [1] - Points[0] = (1.00, 1.00)
e = [2] - Points[1] = (2.00, 1.00)
dist = 1.00
------------------
b = [2] - Points[1] = (2.00, 1.00)
e = [3] - Points[2] = (3.00, 1.00)
dist = 1.00
------------------
b = [3] - Points[2] = (3.00, 1.00)
e = [4] - Points[3] = (4.00, 1.00)
dist = 1.00
------------------
b = [4] - Points[3] = (4.00, 1.00)
e = [5] - Points[4] = (5.00, 1.00)
dist = 1.00
------------------
b = [5] - Points[4] = (5.00, 1.00)
e = [10] - Points[9] = (5.00, 2.00)
dist = 1.00
------------------
b = [10] - Points[9] = (5.00, 2.00)
e = [15] - Points[14] = (5.00, 3.00)
dist = 1.00
------------------
b = [15] - Points[14] = (5.00, 3.00)
e = [20] - Points[19] = (5.00, 4.00)
dist = 1.00
------------------
b = [20] - Points[19] = (5.00, 4.00)
e = [25] - Points[24] = (5.00, 5.00)
dist = 1.00
------------------
b = [21] - Points[20] = (1.00, 5.00)
e = [22] - Points[21] = (2.00, 5.00)
dist = 1.00
------------------
b = [22] - Points[21] = (2.00, 5.00)
e = [23] - Points[22] = (3.00, 5.00)
dist = 1.00
------------------
b = [23] - Points[22] = (3.00, 5.00)
e = [24] - Points[23] = (4.00, 5.00)
dist = 1.00
------------------
b = [24] - Points[23] = (4.00, 5.00)
e = [25] - Points[24] = (5.00, 5.00)
dist = 1.00
------------------
b = [1] - Points[0] = (1.00, 1.00)
e = [6] - Points[5] = (1.00, 2.00)
dist = 1.00
------------------
b = [6] - Points[5] = (1.00, 2.00)
e = [11] - Points[10] = (1.00, 3.00)
dist = 1.00
------------------
b = [11] - Points[10] = (1.00, 3.00)
e = [16] - Points[15] = (1.00, 4.00)
dist = 1.00
------------------
b = [16] - Points[15] = (1.00, 4.00)
e = [21] - Points[20] = (1.00, 5.00)
dist = 1.00
------------------
b = [7] - Points[6] = (2.00, 2.00)
e = [8] - Points[7] = (3.00, 2.00)
dist = 1.00
------------------
b = [8] - Points[7] = (3.00, 2.00)
e = [9] - Points[8] = (4.00, 2.00)
dist = 1.00
------------------
b = [7] - Points[6] = (2.00, 2.00)
e = [12] - Points[11] = (2.00, 3.00)
dist = 1.00
------------------
b = [12] - Points[11] = (2.00, 3.00)
e = [17] - Points[16] = (2.00, 4.00)
dist = 1.00
------------------
b = [17] - Points[16] = (2.00, 4.00)
e = [18] - Points[17] = (3.00, 4.00)
dist = 1.00
------------------
b = [18] - Points[17] = (3.00, 4.00)
e = [19] - Points[18] = (4.00, 4.00)
dist = 1.00
------------------
b = [9] - Points[8] = (4.00, 2.00)
e = [14] - Points[13] = (4.00, 3.00)
dist = 1.00
------------------
b = [14] - Points[13] = (4.00, 3.00)
e = [19] - Points[18] = (4.00, 4.00)
dist = 1.00
------------------
b = [21] - Points[20] = (1.00, 5.00)
e = [17] - Points[16] = (2.00, 4.00)
dist = 1.41
------------------
b = [25] - Points[24] = (5.00, 5.00)
e = [19] - Points[18] = (4.00, 4.00)
dist = 1.41
------------------
b = [5] - Points[4] = (5.00, 1.00)
e = [9] - Points[8] = (4.00, 2.00)
dist = 1.41
------------------
b = [1] - Points[0] = (1.00, 1.00)
e = [7] - Points[6] = (2.00, 2.00)
dist = 1.41
------------------
b = [17] - Points[16] = (2.00, 4.00)
e = [13] - Points[12] = (3.00, 3.00)
dist = 1.41
------------------
b = [19] - Points[18] = (4.00, 4.00)
e = [13] - Points[12] = (3.00, 3.00)
dist = 1.41
------------------
b = [9] - Points[8] = (4.00, 2.00)
e = [13] - Points[12] = (3.00, 3.00)
dist = 1.41
------------------
b = [7] - Points[6] = (2.00, 2.00)
e = [13] - Points[12] = (3.00, 3.00)
dist = 1.41
------------------
Printing GRAPH...
---- Linha 0:
node[0]=(0.00, 1) node[1]=(1.00, 0) node[5]=(1.00, 0) node[6]=(1.41, 0) 
---- Linha 1:
node[0]=(1.00, 1) node[2]=(1.00, 0) 
---- Linha 2:
node[1]=(1.00, 0) node[3]=(1.00, 0) 
---- Linha 3:
node[2]=(1.00, 0) node[4]=(1.00, 1) 
---- Linha 4:
node[3]=(1.00, 0) node[4]=(0.00, 1) node[8]=(1.41, 0) node[9]=(1.00, 0) 
---- Linha 5:
node[0]=(1.00, 1) node[10]=(1.00, 0) 
---- Linha 6:
node[0]=(1.41, 1) node[7]=(1.00, 0) node[11]=(1.00, 0) node[12]=(1.41, 1) 
---- Linha 7:
node[6]=(1.00, 0) node[8]=(1.00, 0) 
---- Linha 8:
node[4]=(1.41, 1) node[7]=(1.00, 0) node[12]=(1.41, 1) node[13]=(1.00, 0) 
---- Linha 9:
node[4]=(1.00, 1) node[14]=(1.00, 0) 
---- Linha 10:
node[5]=(1.00, 0) node[15]=(1.00, 0) 
---- Linha 11:
node[6]=(1.00, 0) node[16]=(1.00, 0) 
---- Linha 12:
node[6]=(1.41, 0) node[8]=(1.41, 0) node[12]=(0.00, 1) node[16]=(1.41, 0) node[18]=(1.41, 0) 
---- Linha 13:
node[8]=(1.00, 0) node[18]=(1.00, 0) 
---- Linha 14:
node[9]=(1.00, 0) node[19]=(1.00, 0) 
---- Linha 15:
node[10]=(1.00, 0) node[20]=(1.00, 1) 
---- Linha 16:
node[11]=(1.00, 0) node[12]=(1.41, 1) node[17]=(1.00, 0) node[20]=(1.41, 1) 
---- Linha 17:
node[16]=(1.00, 0) node[18]=(1.00, 0) 
---- Linha 18:
node[12]=(1.41, 1) node[13]=(1.00, 0) node[17]=(1.00, 0) node[24]=(1.41, 1) 
---- Linha 19:
node[14]=(1.00, 0) node[24]=(1.00, 1) 
---- Linha 20:
node[15]=(1.00, 0) node[16]=(1.41, 0) node[20]=(0.00, 1) node[21]=(1.00, 0) 
---- Linha 21:
node[20]=(1.00, 1) node[22]=(1.00, 0) 
---- Linha 22:
node[21]=(1.00, 0) node[23]=(1.00, 0) 
---- Linha 23:
node[22]=(1.00, 0) node[24]=(1.00, 1) 
---- Linha 24:
node[18]=(1.41, 0) node[19]=(1.00, 0) node[23]=(1.00, 0) node[24]=(0.00, 1) 
Getting Possible Ways...startIdx[12]
Indexes: from[12] to[12]
---- Way[0]:
	Finalized =	[1]
	NumOfPoints =	[1]
	TotalDist =	[0.00]
12	
------------------
	 I = 0
finalized!
---- Way[0]:
	Finalized =	[1]
	NumOfPoints =	[1]
	TotalDist =	[0.00]
12	
------------------
---- Way[1]:
	Finalized =	[0]
	NumOfPoints =	[1]
	TotalDist =	[0.00]
12	
------------------
0000000000 	 finalized! I = 0 nWays = 2
from [12] - num = 4
Before nWays = 2 i = 0
After nWays = 5 i = 0
old = 2, j = 2
old = 2, j = 3
old = 2, j = 4
Ways: nWays[5] i[0]----------
---- Way[0]:
	Finalized =	[1]
	NumOfPoints =	[1]
	TotalDist =	[0.00]
12	
------------------
---- Way[1]:
	Finalized =	[0]
	NumOfPoints =	[1]
	TotalDist =	[0.00]
12	
------------------
---- Way[2]:
	Finalized =	[1]
	NumOfPoints =	[1]
	TotalDist =	[0.00]
12	
------------------
---- Way[3]:
	Finalized =	[1]
	NumOfPoints =	[1]
	TotalDist =	[0.00]
12	
------------------
---- Way[4]:
	Finalized =	[1]
	NumOfPoints =	[1]
	TotalDist =	[0.00]
12	
------------------
----------------
aux = 1
Ok aux [1] from[12] to[-1]
nextChildren :nextChildren = [6]
From[12] To[6]
Ok aux [2] from[12] to[6]
nextChildren :nextChildren = [8]
From[12] To[8]
Ok aux [3] from[12] to[8]
nextChildren :nextChildren = [16]
From[12] To[16]
Ok aux [4] from[12] to[16]
nextChildren :nextChildren = [18]
From[12] To[18]
---- Way[0]:
	Finalized =	[1]
	NumOfPoints =	[1]
	TotalDist =	[0.00]
12	
------------------
---- Way[1]:
	Finalized =	[0]
	NumOfPoints =	[2]
	TotalDist =	[1.41]
12	6	
------------------
---- Way[2]:
	Finalized =	[0]
	NumOfPoints =	[2]
	TotalDist =	[1.41]
12	8	
------------------
---- Way[3]:
	Finalized =	[0]
	NumOfPoints =	[2]
	TotalDist =	[1.41]
12	16	
------------------
---- Way[4]:
	Finalized =	[0]
	NumOfPoints =	[2]
	TotalDist =	[1.41]
12	18	
------------------
Inserted!
I = 0 FROM = 12 ---- Enter...
	 I = 0
from [12] - num = 0
---- Way[0]:
	Finalized =	[1]
	NumOfPoints =	[1]
	TotalDist =	[0.00]
12	
------------------
---- Way[1]:
	Finalized =	[0]
	NumOfPoints =	[2]
	TotalDist =	[1.41]
12	6	
------------------
---- Way[2]:
	Finalized =	[0]
	NumOfPoints =	[2]
	TotalDist =	[1.41]
12	8	
------------------
---- Way[3]:
	Finalized =	[0]
	NumOfPoints =	[2]
	TotalDist =	[1.41]
12	16	
------------------
---- Way[4]:
	Finalized =	[0]
	NumOfPoints =	[2]
	TotalDist =	[1.41]
12	18	
------------------
Inserted!
I = 1 FROM = 6 ---- Enter...
	 I = 1
from [6] - num = 3
Before nWays = 5 i = 1
After nWays = 7 i = 1
old = 5, j = 5
old = 5, j = 6
Ways: nWays[7] i[1]----------
---- Way[0]:
	Finalized =	[1]
	NumOfPoints =	[1]
	TotalDist =	[0.00]
12	
------------------
---- Way[1]:
	Finalized =	[0]
	NumOfPoints =	[2]
	TotalDist =	[1.41]
12	6	
------------------
---- Way[2]:
	Finalized =	[0]
	NumOfPoints =	[2]
	TotalDist =	[1.41]
12	8	
------------------
---- Way[3]:
	Finalized =	[0]
	NumOfPoints =	[2]
	TotalDist =	[1.41]
12	16	
------------------
---- Way[4]:
	Finalized =	[0]
	NumOfPoints =	[2]
	TotalDist =	[1.41]
12	18	
------------------
---- Way[5]:
	Finalized =	[0]
	NumOfPoints =	[2]
	TotalDist =	[1.41]
12	6	
------------------
---- Way[6]:
	Finalized =	[0]
	NumOfPoints =	[2]
	TotalDist =	[1.41]
12	6	
------------------
----------------
aux = 2
Ok aux [5] from[6] to[-1]
nextChildren :nextChildren = [0]
From[6] To[0]
Ok aux [6] from[6] to[0]
nextChildren :nextChildren = [7]
From[6] To[7]
---- Way[0]:
	Finalized =	[1]
	NumOfPoints =	[1]
	TotalDist =	[0.00]
12	
------------------
---- Way[1]:
	Finalized =	[0]
	NumOfPoints =	[2]
	TotalDist =	[1.41]
12	6	
------------------
---- Way[2]:
	Finalized =	[0]
	NumOfPoints =	[2]
	TotalDist =	[1.41]
12	8	
------------------
---- Way[3]:
	Finalized =	[0]
	NumOfPoints =	[2]
	TotalDist =	[1.41]
12	16	
------------------
---- Way[4]:
	Finalized =	[0]
	NumOfPoints =	[2]
	TotalDist =	[1.41]
12	18	
------------------
---- Way[5]:
	Finalized =	[1]
	NumOfPoints =	[3]
	TotalDist =	[2.83]
12	6	0	
------------------
---- Way[6]:
	Finalized =	[0]
	NumOfPoints =	[3]
	TotalDist =	[2.41]
12	6	7	
------------------
Inserted!
I = 1 FROM = 6 ---- Enter...
	 I = 1
from [6] - num = 1
num==1, from[6] to[-1]
From[6] To[11]
---- Way[0]:
	Finalized =	[1]
	NumOfPoints =	[1]
	TotalDist =	[0.00]
12	
------------------
---- Way[1]:
	Finalized =	[0]
	NumOfPoints =	[3]
	TotalDist =	[2.41]
12	6	11	
------------------
---- Way[2]:
	Finalized =	[0]
	NumOfPoints =	[2]
	TotalDist =	[1.41]
12	8	
------------------
---- Way[3]:
	Finalized =	[0]
	NumOfPoints =	[2]
	TotalDist =	[1.41]
12	16	
------------------
---- Way[4]:
	Finalized =	[0]
	NumOfPoints =	[2]
	TotalDist =	[1.41]
12	18	
------------------
---- Way[5]:
	Finalized =	[1]
	NumOfPoints =	[3]
	TotalDist =	[2.83]
12	6	0	
------------------
---- Way[6]:
	Finalized =	[0]
	NumOfPoints =	[3]
	TotalDist =	[2.41]
12	6	7	
------------------
Inserted!
I = 1 FROM = 11 ---- Enter...
	 I = 1
from [11] - num = 0
---- Way[0]:
	Finalized =	[1]
	NumOfPoints =	[1]
	TotalDist =	[0.00]
12	
------------------
---- Way[1]:
	Finalized =	[0]
	NumOfPoints =	[3]
	TotalDist =	[2.41]
12	6	11	
------------------
---- Way[2]:
	Finalized =	[0]
	NumOfPoints =	[2]
	TotalDist =	[1.41]
12	8	
------------------
---- Way[3]:
	Finalized =	[0]
	NumOfPoints =	[2]
	TotalDist =	[1.41]
12	16	
------------------
---- Way[4]:
	Finalized =	[0]
	NumOfPoints =	[2]
	TotalDist =	[1.41]
12	18	
------------------
---- Way[5]:
	Finalized =	[1]
	NumOfPoints =	[3]
	TotalDist =	[2.83]
12	6	0	
------------------
---- Way[6]:
	Finalized =	[0]
	NumOfPoints =	[3]
	TotalDist =	[2.41]
12	6	7	
------------------
Inserted!
I = 2 FROM = 8 ---- Enter...
	 I = 2
from [8] - num = 2
Before nWays = 7 i = 2
After nWays = 8 i = 2
old = 7, j = 7
Ways: nWays[8] i[2]----------
---- Way[0]:
	Finalized =	[1]
	NumOfPoints =	[1]
	TotalDist =	[0.00]
12	
------------------
---- Way[1]:
	Finalized =	[0]
	NumOfPoints =	[3]
	TotalDist =	[2.41]
12	6	11	
------------------
---- Way[2]:
	Finalized =	[0]
	NumOfPoints =	[2]
	TotalDist =	[1.41]
12	8	
------------------
---- Way[3]:
	Finalized =	[0]
	NumOfPoints =	[2]
	TotalDist =	[1.41]
12	16	
------------------
---- Way[4]:
	Finalized =	[0]
	NumOfPoints =	[2]
	TotalDist =	[1.41]
12	18	
------------------
---- Way[5]:
	Finalized =	[1]
	NumOfPoints =	[3]
	TotalDist =	[2.83]
12	6	0	
------------------
---- Way[6]:
	Finalized =	[0]
	NumOfPoints =	[3]
	TotalDist =	[2.41]
12	6	7	
------------------
---- Way[7]:
	Finalized =	[0]
	NumOfPoints =	[2]
	TotalDist =	[1.41]
12	8	
------------------
----------------
aux = 3
Ok aux [7] from[8] to[-1]
nextChildren :nextChildren = [4]
From[8] To[4]
---- Way[0]:
	Finalized =	[1]
	NumOfPoints =	[1]
	TotalDist =	[0.00]
12	
------------------
---- Way[1]:
	Finalized =	[0]
	NumOfPoints =	[3]
	TotalDist =	[2.41]
12	6	11	
------------------
---- Way[2]:
	Finalized =	[0]
	NumOfPoints =	[2]
	TotalDist =	[1.41]
12	8	
------------------
---- Way[3]:
	Finalized =	[0]
	NumOfPoints =	[2]
	TotalDist =	[1.41]
12	16	
------------------
---- Way[4]:
	Finalized =	[0]
	NumOfPoints =	[2]
	TotalDist =	[1.41]
12	18	
------------------
---- Way[5]:
	Finalized =	[1]
	NumOfPoints =	[3]
	TotalDist =	[2.83]
12	6	0	
------------------
---- Way[6]:
	Finalized =	[0]
	NumOfPoints =	[3]
	TotalDist =	[2.41]
12	6	7	
------------------
---- Way[7]:
	Finalized =	[1]
	NumOfPoints =	[3]
	TotalDist =	[2.83]
12	8	4	
------------------
Inserted!
I = 2 FROM = 8 ---- Enter...
	 I = 2
from [8] - num = 1
num==1, from[8] to[-1]
From[8] To[13]
---- Way[0]:
	Finalized =	[1]
	NumOfPoints =	[1]
	TotalDist =	[0.00]
12	
------------------
---- Way[1]:
	Finalized =	[0]
	NumOfPoints =	[3]
	TotalDist =	[2.41]
12	6	11	
------------------
---- Way[2]:
	Finalized =	[0]
	NumOfPoints =	[3]
	TotalDist =	[2.41]
12	8	13	
------------------
---- Way[3]:
	Finalized =	[0]
	NumOfPoints =	[2]
	TotalDist =	[1.41]
12	16	
------------------
---- Way[4]:
	Finalized =	[0]
	NumOfPoints =	[2]
	TotalDist =	[1.41]
12	18	
------------------
---- Way[5]:
	Finalized =	[1]
	NumOfPoints =	[3]
	TotalDist =	[2.83]
12	6	0	
------------------
---- Way[6]:
	Finalized =	[0]
	NumOfPoints =	[3]
	TotalDist =	[2.41]
12	6	7	
------------------
---- Way[7]:
	Finalized =	[1]
	NumOfPoints =	[3]
	TotalDist =	[2.83]
12	8	4	
------------------
Inserted!
I = 2 FROM = 13 ---- Enter...
	 I = 2
from [13] - num = 0
---- Way[0]:
	Finalized =	[1]
	NumOfPoints =	[1]
	TotalDist =	[0.00]
12	
------------------
---- Way[1]:
	Finalized =	[0]
	NumOfPoints =	[3]
	TotalDist =	[2.41]
12	6	11	
------------------
---- Way[2]:
	Finalized =	[0]
	NumOfPoints =	[3]
	TotalDist =	[2.41]
12	8	13	
------------------
---- Way[3]:
	Finalized =	[0]
	NumOfPoints =	[2]
	TotalDist =	[1.41]
12	16	
------------------
---- Way[4]:
	Finalized =	[0]
	NumOfPoints =	[2]
	TotalDist =	[1.41]
12	18	
------------------
---- Way[5]:
	Finalized =	[1]
	NumOfPoints =	[3]
	TotalDist =	[2.83]
12	6	0	
------------------
---- Way[6]:
	Finalized =	[0]
	NumOfPoints =	[3]
	TotalDist =	[2.41]
12	6	7	
------------------
---- Way[7]:
	Finalized =	[1]
	NumOfPoints =	[3]
	TotalDist =	[2.83]
12	8	4	
------------------
Inserted!
I = 3 FROM = 16 ---- Enter...
	 I = 3
from [16] - num = 3
Before nWays = 8 i = 3
After nWays = 10 i = 3
old = 8, j = 8
old = 8, j = 9
Ways: nWays[10] i[3]----------
---- Way[0]:
	Finalized =	[1]
	NumOfPoints =	[1]
	TotalDist =	[0.00]
12	
------------------
---- Way[1]:
	Finalized =	[0]
	NumOfPoints =	[3]
	TotalDist =	[2.41]
12	6	11	
------------------
---- Way[2]:
	Finalized =	[0]
	NumOfPoints =	[3]
	TotalDist =	[2.41]
12	8	13	
------------------
---- Way[3]:
	Finalized =	[0]
	NumOfPoints =	[2]
	TotalDist =	[1.41]
12	16	
------------------
---- Way[4]:
	Finalized =	[0]
	NumOfPoints =	[2]
	TotalDist =	[1.41]
12	18	
------------------
---- Way[5]:
	Finalized =	[1]
	NumOfPoints =	[3]
	TotalDist =	[2.83]
12	6	0	
------------------
---- Way[6]:
	Finalized =	[0]
	NumOfPoints =	[3]
	TotalDist =	[2.41]
12	6	7	
------------------
---- Way[7]:
	Finalized =	[1]
	NumOfPoints =	[3]
	TotalDist =	[2.83]
12	8	4	
------------------
---- Way[8]:
	Finalized =	[0]
	NumOfPoints =	[2]
	TotalDist =	[1.41]
12	16	
------------------
---- Way[9]:
	Finalized =	[0]
	NumOfPoints =	[2]
	TotalDist =	[1.41]
12	16	
------------------
----------------
aux = 4
Ok aux [8] from[16] to[-1]
nextChildren :nextChildren = [11]
From[16] To[11]
Ok aux [9] from[16] to[11]
nextChildren :nextChildren = [17]
From[16] To[17]
---- Way[0]:
	Finalized =	[1]
	NumOfPoints =	[1]
	TotalDist =	[0.00]
12	
------------------
---- Way[1]:
	Finalized =	[0]
	NumOfPoints =	[3]
	TotalDist =	[2.41]
12	6	11	
------------------
---- Way[2]:
	Finalized =	[0]
	NumOfPoints =	[3]
	TotalDist =	[2.41]
12	8	13	
------------------
---- Way[3]:
	Finalized =	[0]
	NumOfPoints =	[2]
	TotalDist =	[1.41]
12	16	
------------------
---- Way[4]:
	Finalized =	[0]
	NumOfPoints =	[2]
	TotalDist =	[1.41]
12	18	
------------------
---- Way[5]:
	Finalized =	[1]
	NumOfPoints =	[3]
	TotalDist =	[2.83]
12	6	0	
------------------
---- Way[6]:
	Finalized =	[0]
	NumOfPoints =	[3]
	TotalDist =	[2.41]
12	6	7	
------------------
---- Way[7]:
	Finalized =	[1]
	NumOfPoints =	[3]
	TotalDist =	[2.83]
12	8	4	
------------------
---- Way[8]:
	Finalized =	[0]
	NumOfPoints =	[3]
	TotalDist =	[2.41]
12	16	11	
------------------
---- Way[9]:
	Finalized =	[0]
	NumOfPoints =	[3]
	TotalDist =	[2.41]
12	16	17	
------------------
Inserted!
I = 3 FROM = 16 ---- Enter...
	 I = 3
from [16] - num = 1
num==1, from[16] to[-1]
From[16] To[20]
---- Way[0]:
	Finalized =	[1]
	NumOfPoints =	[1]
	TotalDist =	[0.00]
12	
------------------
---- Way[1]:
	Finalized =	[0]
	NumOfPoints =	[3]
	TotalDist =	[2.41]
12	6	11	
------------------
---- Way[2]:
	Finalized =	[0]
	NumOfPoints =	[3]
	TotalDist =	[2.41]
12	8	13	
------------------
---- Way[3]:
	Finalized =	[1]
	NumOfPoints =	[3]
	TotalDist =	[2.83]
12	16	20	
------------------
---- Way[4]:
	Finalized =	[0]
	NumOfPoints =	[2]
	TotalDist =	[1.41]
12	18	
------------------
---- Way[5]:
	Finalized =	[1]
	NumOfPoints =	[3]
	TotalDist =	[2.83]
12	6	0	
------------------
---- Way[6]:
	Finalized =	[0]
	NumOfPoints =	[3]
	TotalDist =	[2.41]
12	6	7	
------------------
---- Way[7]:
	Finalized =	[1]
	NumOfPoints =	[3]
	TotalDist =	[2.83]
12	8	4	
------------------
---- Way[8]:
	Finalized =	[0]
	NumOfPoints =	[3]
	TotalDist =	[2.41]
12	16	11	
------------------
---- Way[9]:
	Finalized =	[0]
	NumOfPoints =	[3]
	TotalDist =	[2.41]
12	16	17	
------------------
Inserted!
I = 3 FROM = 20 ---- Enter...
	 I = 3
finalized!
---- Way[0]:
	Finalized =	[1]
	NumOfPoints =	[1]
	TotalDist =	[0.00]
12	
------------------
---- Way[1]:
	Finalized =	[0]
	NumOfPoints =	[3]
	TotalDist =	[2.41]
12	6	11	
------------------
---- Way[2]:
	Finalized =	[0]
	NumOfPoints =	[3]
	TotalDist =	[2.41]
12	8	13	
------------------
---- Way[3]:
	Finalized =	[1]
	NumOfPoints =	[3]
	TotalDist =	[2.83]
12	16	20	
------------------
---- Way[4]:
	Finalized =	[0]
	NumOfPoints =	[2]
	TotalDist =	[1.41]
12	18	
------------------
---- Way[5]:
	Finalized =	[1]
	NumOfPoints =	[3]
	TotalDist =	[2.83]
12	6	0	
------------------
---- Way[6]:
	Finalized =	[0]
	NumOfPoints =	[3]
	TotalDist =	[2.41]
12	6	7	
------------------
---- Way[7]:
	Finalized =	[1]
	NumOfPoints =	[3]
	TotalDist =	[2.83]
12	8	4	
------------------
---- Way[8]:
	Finalized =	[0]
	NumOfPoints =	[3]
	TotalDist =	[2.41]
12	16	11	
------------------
---- Way[9]:
	Finalized =	[0]
	NumOfPoints =	[3]
	TotalDist =	[2.41]
12	16	17	
------------------
---- Way[10]:
	Finalized =	[0]
	NumOfPoints =	[3]
	TotalDist =	[2.83]
12	16	20	
------------------
0000000000 	 finalized! I = 3 nWays = 11
from [20] - num = 2
Before nWays = 11 i = 3
After nWays = 12 i = 3
old = 11, j = 11
Ways: nWays[12] i[3]----------
---- Way[0]:
	Finalized =	[1]
	NumOfPoints =	[1]
	TotalDist =	[0.00]
12	
------------------
---- Way[1]:
	Finalized =	[0]
	NumOfPoints =	[3]
	TotalDist =	[2.41]
12	6	11	
------------------
---- Way[2]:
	Finalized =	[0]
	NumOfPoints =	[3]
	TotalDist =	[2.41]
12	8	13	
------------------
---- Way[3]:
	Finalized =	[1]
	NumOfPoints =	[3]
	TotalDist =	[2.83]
12	16	20	
------------------
---- Way[4]:
	Finalized =	[0]
	NumOfPoints =	[2]
	TotalDist =	[1.41]
12	18	
------------------
---- Way[5]:
	Finalized =	[1]
	NumOfPoints =	[3]
	TotalDist =	[2.83]
12	6	0	
------------------
---- Way[6]:
	Finalized =	[0]
	NumOfPoints =	[3]
	TotalDist =	[2.41]
12	6	7	
------------------
---- Way[7]:
	Finalized =	[1]
	NumOfPoints =	[3]
	TotalDist =	[2.83]
12	8	4	
------------------
---- Way[8]:
	Finalized =	[0]
	NumOfPoints =	[3]
	TotalDist =	[2.41]
12	16	11	
------------------
---- Way[9]:
	Finalized =	[0]
	NumOfPoints =	[3]
	TotalDist =	[2.41]
12	16	17	
------------------
---- Way[10]:
	Finalized =	[0]
	NumOfPoints =	[3]
	TotalDist =	[2.83]
12	16	20	
------------------
---- Way[11]:
	Finalized =	[1]
	NumOfPoints =	[3]
	TotalDist =	[2.83]
12	16	20	
------------------
----------------
aux = 4
Ok aux [10] from[20] to[-1]
nextChildren :nextChildren = [15]
From[20] To[15]
Ok aux [11] from[20] to[15]
nextChildren :nextChildren = [21]
From[20] To[21]
---- Way[0]:
	Finalized =	[1]
	NumOfPoints =	[1]
	TotalDist =	[0.00]
12	
------------------
---- Way[1]:
	Finalized =	[0]
	NumOfPoints =	[3]
	TotalDist =	[2.41]
12	6	11	
------------------
---- Way[2]:
	Finalized =	[0]
	NumOfPoints =	[3]
	TotalDist =	[2.41]
12	8	13	
------------------
---- Way[3]:
	Finalized =	[1]
	NumOfPoints =	[3]
	TotalDist =	[2.83]
12	16	20	
------------------
---- Way[4]:
	Finalized =	[0]
	NumOfPoints =	[2]
	TotalDist =	[1.41]
12	18	
------------------
---- Way[5]:
	Finalized =	[1]
	NumOfPoints =	[3]
	TotalDist =	[2.83]
12	6	0	
------------------
---- Way[6]:
	Finalized =	[0]
	NumOfPoints =	[3]
	TotalDist =	[2.41]
12	6	7	
------------------
---- Way[7]:
	Finalized =	[1]
	NumOfPoints =	[3]
	TotalDist =	[2.83]
12	8	4	
------------------
---- Way[8]:
	Finalized =	[0]
	NumOfPoints =	[3]
	TotalDist =	[2.41]
12	16	11	
------------------
---- Way[9]:
	Finalized =	[0]
	NumOfPoints =	[3]
	TotalDist =	[2.41]
12	16	17	
------------------
---- Way[10]:
	Finalized =	[0]
	NumOfPoints =	[4]
	TotalDist =	[3.83]
12	16	20	15	
------------------
---- Way[11]:
	Finalized =	[0]
	NumOfPoints =	[4]
	TotalDist =	[3.83]
12	16	20	21	
------------------
Inserted!
I = 3 FROM = 20 ---- Enter...
	 I = 3
from [20] - num = 0
---- Way[0]:
	Finalized =	[1]
	NumOfPoints =	[1]
	TotalDist =	[0.00]
12	
------------------
---- Way[1]:
	Finalized =	[0]
	NumOfPoints =	[3]
	TotalDist =	[2.41]
12	6	11	
------------------
---- Way[2]:
	Finalized =	[0]
	NumOfPoints =	[3]
	TotalDist =	[2.41]
12	8	13	
------------------
---- Way[3]:
	Finalized =	[1]
	NumOfPoints =	[3]
	TotalDist =	[2.83]
12	16	20	
------------------
---- Way[4]:
	Finalized =	[0]
	NumOfPoints =	[2]
	TotalDist =	[1.41]
12	18	
------------------
---- Way[5]:
	Finalized =	[1]
	NumOfPoints =	[3]
	TotalDist =	[2.83]
12	6	0	
------------------
---- Way[6]:
	Finalized =	[0]
	NumOfPoints =	[3]
	TotalDist =	[2.41]
12	6	7	
------------------
---- Way[7]:
	Finalized =	[1]
	NumOfPoints =	[3]
	TotalDist =	[2.83]
12	8	4	
------------------
---- Way[8]:
	Finalized =	[0]
	NumOfPoints =	[3]
	TotalDist =	[2.41]
12	16	11	
------------------
---- Way[9]:
	Finalized =	[0]
	NumOfPoints =	[3]
	TotalDist =	[2.41]
12	16	17	
------------------
---- Way[10]:
	Finalized =	[0]
	NumOfPoints =	[4]
	TotalDist =	[3.83]
12	16	20	15	
------------------
---- Way[11]:
	Finalized =	[0]
	NumOfPoints =	[4]
	TotalDist =	[3.83]
12	16	20	21	
------------------
Inserted!
I = 4 FROM = 18 ---- Enter...
	 I = 4
from [18] - num = 2
Before nWays = 12 i = 4
After nWays = 13 i = 4
old = 12, j = 12
Ways: nWays[13] i[4]----------
---- Way[0]:
	Finalized =	[1]
	NumOfPoints =	[1]
	TotalDist =	[0.00]
12	
------------------
---- Way[1]:
	Finalized =	[0]
	NumOfPoints =	[3]
	TotalDist =	[2.41]
12	6	11	
------------------
---- Way[2]:
	Finalized =	[0]
	NumOfPoints =	[3]
	TotalDist =	[2.41]
12	8	13	
------------------
---- Way[3]:
	Finalized =	[1]
	NumOfPoints =	[3]
	TotalDist =	[2.83]
12	16	20	
------------------
---- Way[4]:
	Finalized =	[0]
	NumOfPoints =	[2]
	TotalDist =	[1.41]
12	18	
------------------
---- Way[5]:
	Finalized =	[1]
	NumOfPoints =	[3]
	TotalDist =	[2.83]
12	6	0	
------------------
---- Way[6]:
	Finalized =	[0]
	NumOfPoints =	[3]
	TotalDist =	[2.41]
12	6	7	
------------------
---- Way[7]:
	Finalized =	[1]
	NumOfPoints =	[3]
	TotalDist =	[2.83]
12	8	4	
------------------
---- Way[8]:
	Finalized =	[0]
	NumOfPoints =	[3]
	TotalDist =	[2.41]
12	16	11	
------------------
---- Way[9]:
	Finalized =	[0]
	NumOfPoints =	[3]
	TotalDist =	[2.41]
12	16	17	
------------------
---- Way[10]:
	Finalized =	[0]
	NumOfPoints =	[4]
	TotalDist =	[3.83]
12	16	20	15	
------------------
---- Way[11]:
	Finalized =	[0]
	NumOfPoints =	[4]
	TotalDist =	[3.83]
12	16	20	21	
------------------
---- Way[12]:
	Finalized =	[0]
	NumOfPoints =	[2]
	TotalDist =	[1.41]
12	18	
------------------
----------------
aux = 5
Ok aux [12] from[18] to[-1]
nextChildren :nextChildren = [13]
From[18] To[13]
---- Way[0]:
	Finalized =	[1]
	NumOfPoints =	[1]
	TotalDist =	[0.00]
12	
------------------
---- Way[1]:
	Finalized =	[0]
	NumOfPoints =	[3]
	TotalDist =	[2.41]
12	6	11	
------------------
---- Way[2]:
	Finalized =	[0]
	NumOfPoints =	[3]
	TotalDist =	[2.41]
12	8	13	
------------------
---- Way[3]:
	Finalized =	[1]
	NumOfPoints =	[3]
	TotalDist =	[2.83]
12	16	20	
------------------
---- Way[4]:
	Finalized =	[0]
	NumOfPoints =	[2]
	TotalDist =	[1.41]
12	18	
------------------
---- Way[5]:
	Finalized =	[1]
	NumOfPoints =	[3]
	TotalDist =	[2.83]
12	6	0	
------------------
---- Way[6]:
	Finalized =	[0]
	NumOfPoints =	[3]
	TotalDist =	[2.41]
12	6	7	
------------------
---- Way[7]:
	Finalized =	[1]
	NumOfPoints =	[3]
	TotalDist =	[2.83]
12	8	4	
------------------
---- Way[8]:
	Finalized =	[0]
	NumOfPoints =	[3]
	TotalDist =	[2.41]
12	16	11	
------------------
---- Way[9]:
	Finalized =	[0]
	NumOfPoints =	[3]
	TotalDist =	[2.41]
12	16	17	
------------------
---- Way[10]:
	Finalized =	[0]
	NumOfPoints =	[4]
	TotalDist =	[3.83]
12	16	20	15	
------------------
---- Way[11]:
	Finalized =	[0]
	NumOfPoints =	[4]
	TotalDist =	[3.83]
12	16	20	21	
------------------
---- Way[12]:
	Finalized =	[0]
	NumOfPoints =	[3]
	TotalDist =	[2.41]
12	18	13	
------------------
Inserted!
I = 4 FROM = 18 ---- Enter...
	 I = 4
from [18] - num = 1
num==1, from[18] to[-1]
From[18] To[24]
---- Way[0]:
	Finalized =	[1]
	NumOfPoints =	[1]
	TotalDist =	[0.00]
12	
------------------
---- Way[1]:
	Finalized =	[0]
	NumOfPoints =	[3]
	TotalDist =	[2.41]
12	6	11	
------------------
---- Way[2]:
	Finalized =	[0]
	NumOfPoints =	[3]
	TotalDist =	[2.41]
12	8	13	
------------------
---- Way[3]:
	Finalized =	[1]
	NumOfPoints =	[3]
	TotalDist =	[2.83]
12	16	20	
------------------
---- Way[4]:
	Finalized =	[1]
	NumOfPoints =	[3]
	TotalDist =	[2.83]
12	18	24	
------------------
---- Way[5]:
	Finalized =	[1]
	NumOfPoints =	[3]
	TotalDist =	[2.83]
12	6	0	
------------------
---- Way[6]:
	Finalized =	[0]
	NumOfPoints =	[3]
	TotalDist =	[2.41]
12	6	7	
------------------
---- Way[7]:
	Finalized =	[1]
	NumOfPoints =	[3]
	TotalDist =	[2.83]
12	8	4	
------------------
---- Way[8]:
	Finalized =	[0]
	NumOfPoints =	[3]
	TotalDist =	[2.41]
12	16	11	
------------------
---- Way[9]:
	Finalized =	[0]
	NumOfPoints =	[3]
	TotalDist =	[2.41]
12	16	17	
------------------
---- Way[10]:
	Finalized =	[0]
	NumOfPoints =	[4]
	TotalDist =	[3.83]
12	16	20	15	
------------------
---- Way[11]:
	Finalized =	[0]
	NumOfPoints =	[4]
	TotalDist =	[3.83]
12	16	20	21	
------------------
---- Way[12]:
	Finalized =	[0]
	NumOfPoints =	[3]
	TotalDist =	[2.41]
12	18	13	
------------------
Inserted!
I = 4 FROM = 24 ---- Enter...
	 I = 4
finalized!
---- Way[0]:
	Finalized =	[1]
	NumOfPoints =	[1]
	TotalDist =	[0.00]
12	
------------------
---- Way[1]:
	Finalized =	[0]
	NumOfPoints =	[3]
	TotalDist =	[2.41]
12	6	11	
------------------
---- Way[2]:
	Finalized =	[0]
	NumOfPoints =	[3]
	TotalDist =	[2.41]
12	8	13	
------------------
---- Way[3]:
	Finalized =	[1]
	NumOfPoints =	[3]
	TotalDist =	[2.83]
12	16	20	
------------------
---- Way[4]:
	Finalized =	[1]
	NumOfPoints =	[3]
	TotalDist =	[2.83]
12	18	24	
------------------
---- Way[5]:
	Finalized =	[1]
	NumOfPoints =	[3]
	TotalDist =	[2.83]
12	6	0	
------------------
---- Way[6]:
	Finalized =	[0]
	NumOfPoints =	[3]
	TotalDist =	[2.41]
12	6	7	
------------------
---- Way[7]:
	Finalized =	[1]
	NumOfPoints =	[3]
	TotalDist =	[2.83]
12	8	4	
------------------
---- Way[8]:
	Finalized =	[0]
	NumOfPoints =	[3]
	TotalDist =	[2.41]
12	16	11	
------------------
---- Way[9]:
	Finalized =	[0]
	NumOfPoints =	[3]
	TotalDist =	[2.41]
12	16	17	
------------------
---- Way[10]:
	Finalized =	[0]
	NumOfPoints =	[4]
	TotalDist =	[3.83]
12	16	20	15	
------------------
---- Way[11]:
	Finalized =	[0]
	NumOfPoints =	[4]
	TotalDist =	[3.83]
12	16	20	21	
------------------
---- Way[12]:
	Finalized =	[0]
	NumOfPoints =	[3]
	TotalDist =	[2.41]
12	18	13	
------------------
---- Way[13]:
	Finalized =	[0]
	NumOfPoints =	[3]
	TotalDist =	[2.83]
12	18	24	
------------------
0000000000 	 finalized! I = 4 nWays = 14
from [24] - num = 2
Before nWays = 14 i = 4
After nWays = 15 i = 4
old = 14, j = 14
Ways: nWays[15] i[4]----------
---- Way[0]:
	Finalized =	[1]
	NumOfPoints =	[1]
	TotalDist =	[0.00]
12	
------------------
---- Way[1]:
	Finalized =	[0]
	NumOfPoints =	[3]
	TotalDist =	[2.41]
12	6	11	
------------------
---- Way[2]:
	Finalized =	[0]
	NumOfPoints =	[3]
	TotalDist =	[2.41]
12	8	13	
------------------
---- Way[3]:
	Finalized =	[1]
	NumOfPoints =	[3]
	TotalDist =	[2.83]
12	16	20	
------------------
---- Way[4]:
	Finalized =	[1]
	NumOfPoints =	[3]
	TotalDist =	[2.83]
12	18	24	
------------------
---- Way[5]:
	Finalized =	[1]
	NumOfPoints =	[3]
	TotalDist =	[2.83]
12	6	0	
------------------
---- Way[6]:
	Finalized =	[0]
	NumOfPoints =	[3]
	TotalDist =	[2.41]
12	6	7	
------------------
---- Way[7]:
	Finalized =	[1]
	NumOfPoints =	[3]
	TotalDist =	[2.83]
12	8	4	
------------------
---- Way[8]:
	Finalized =	[0]
	NumOfPoints =	[3]
	TotalDist =	[2.41]
12	16	11	
------------------
---- Way[9]:
	Finalized =	[0]
	NumOfPoints =	[3]
	TotalDist =	[2.41]
12	16	17	
------------------
---- Way[10]:
	Finalized =	[0]
	NumOfPoints =	[4]
	TotalDist =	[3.83]
12	16	20	15	
------------------
---- Way[11]:
	Finalized =	[0]
	NumOfPoints =	[4]
	TotalDist =	[3.83]
12	16	20	21	
------------------
---- Way[12]:
	Finalized =	[0]
	NumOfPoints =	[3]
	TotalDist =	[2.41]
12	18	13	
------------------
---- Way[13]:
	Finalized =	[0]
	NumOfPoints =	[3]
	TotalDist =	[2.83]
12	18	24	
------------------
---- Way[14]:
	Finalized =	[1]
	NumOfPoints =	[3]
	TotalDist =	[2.83]
12	18	24	
------------------
----------------
aux = 5
Ok aux [13] from[24] to[-1]
nextChildren :nextChildren = [19]
From[24] To[19]
Ok aux [14] from[24] to[19]
nextChildren :nextChildren = [23]
From[24] To[23]
---- Way[0]:
	Finalized =	[1]
	NumOfPoints =	[1]
	TotalDist =	[0.00]
12	
------------------
---- Way[1]:
	Finalized =	[0]
	NumOfPoints =	[3]
	TotalDist =	[2.41]
12	6	11	
------------------
---- Way[2]:
	Finalized =	[0]
	NumOfPoints =	[3]
	TotalDist =	[2.41]
12	8	13	
------------------
---- Way[3]:
	Finalized =	[1]
	NumOfPoints =	[3]
	TotalDist =	[2.83]
12	16	20	
------------------
---- Way[4]:
	Finalized =	[1]
	NumOfPoints =	[3]
	TotalDist =	[2.83]
12	18	24	
------------------
---- Way[5]:
	Finalized =	[1]
	NumOfPoints =	[3]
	TotalDist =	[2.83]
12	6	0	
------------------
---- Way[6]:
	Finalized =	[0]
	NumOfPoints =	[3]
	TotalDist =	[2.41]
12	6	7	
------------------
---- Way[7]:
	Finalized =	[1]
	NumOfPoints =	[3]
	TotalDist =	[2.83]
12	8	4	
------------------
---- Way[8]:
	Finalized =	[0]
	NumOfPoints =	[3]
	TotalDist =	[2.41]
12	16	11	
------------------
---- Way[9]:
	Finalized =	[0]
	NumOfPoints =	[3]
	TotalDist =	[2.41]
12	16	17	
------------------
---- Way[10]:
	Finalized =	[0]
	NumOfPoints =	[4]
	TotalDist =	[3.83]
12	16	20	15	
------------------
---- Way[11]:
	Finalized =	[0]
	NumOfPoints =	[4]
	TotalDist =	[3.83]
12	16	20	21	
------------------
---- Way[12]:
	Finalized =	[0]
	NumOfPoints =	[3]
	TotalDist =	[2.41]
12	18	13	
------------------
---- Way[13]:
	Finalized =	[0]
	NumOfPoints =	[4]
	TotalDist =	[3.83]
12	18	24	19	
------------------
---- Way[14]:
	Finalized =	[0]
	NumOfPoints =	[4]
	TotalDist =	[3.83]
12	18	24	23	
------------------
Inserted!
I = 4 FROM = 24 ---- Enter...
	 I = 4
from [24] - num = 0
---- Way[0]:
	Finalized =	[1]
	NumOfPoints =	[1]
	TotalDist =	[0.00]
12	
------------------
---- Way[1]:
	Finalized =	[0]
	NumOfPoints =	[3]
	TotalDist =	[2.41]
12	6	11	
------------------
---- Way[2]:
	Finalized =	[0]
	NumOfPoints =	[3]
	TotalDist =	[2.41]
12	8	13	
------------------
---- Way[3]:
	Finalized =	[1]
	NumOfPoints =	[3]
	TotalDist =	[2.83]
12	16	20	
------------------
---- Way[4]:
	Finalized =	[1]
	NumOfPoints =	[3]
	TotalDist =	[2.83]
12	18	24	
------------------
---- Way[5]:
	Finalized =	[1]
	NumOfPoints =	[3]
	TotalDist =	[2.83]
12	6	0	
------------------
---- Way[6]:
	Finalized =	[0]
	NumOfPoints =	[3]
	TotalDist =	[2.41]
12	6	7	
------------------
---- Way[7]:
	Finalized =	[1]
	NumOfPoints =	[3]
	TotalDist =	[2.83]
12	8	4	
------------------
---- Way[8]:
	Finalized =	[0]
	NumOfPoints =	[3]
	TotalDist =	[2.41]
12	16	11	
------------------
---- Way[9]:
	Finalized =	[0]
	NumOfPoints =	[3]
	TotalDist =	[2.41]
12	16	17	
------------------
---- Way[10]:
	Finalized =	[0]
	NumOfPoints =	[4]
	TotalDist =	[3.83]
12	16	20	15	
------------------
---- Way[11]:
	Finalized =	[0]
	NumOfPoints =	[4]
	TotalDist =	[3.83]
12	16	20	21	
------------------
---- Way[12]:
	Finalized =	[0]
	NumOfPoints =	[3]
	TotalDist =	[2.41]
12	18	13	
------------------
---- Way[13]:
	Finalized =	[0]
	NumOfPoints =	[4]
	TotalDist =	[3.83]
12	18	24	19	
------------------
---- Way[14]:
	Finalized =	[0]
	NumOfPoints =	[4]
	TotalDist =	[3.83]
12	18	24	23	
------------------
Inserted!
I = 5 FROM = 0 ---- Enter...
	 I = 5
finalized!
---- Way[0]:
	Finalized =	[1]
	NumOfPoints =	[1]
	TotalDist =	[0.00]
12	
------------------
---- Way[1]:
	Finalized =	[0]
	NumOfPoints =	[3]
	TotalDist =	[2.41]
12	6	11	
------------------
---- Way[2]:
	Finalized =	[0]
	NumOfPoints =	[3]
	TotalDist =	[2.41]
12	8	13	
------------------
---- Way[3]:
	Finalized =	[1]
	NumOfPoints =	[3]
	TotalDist =	[2.83]
12	16	20	
------------------
---- Way[4]:
	Finalized =	[1]
	NumOfPoints =	[3]
	TotalDist =	[2.83]
12	18	24	
------------------
---- Way[5]:
	Finalized =	[1]
	NumOfPoints =	[3]
	TotalDist =	[2.83]
12	6	0	
------------------
---- Way[6]:
	Finalized =	[0]
	NumOfPoints =	[3]
	TotalDist =	[2.41]
12	6	7	
------------------
---- Way[7]:
	Finalized =	[1]
	NumOfPoints =	[3]
	TotalDist =	[2.83]
12	8	4	
------------------
---- Way[8]:
	Finalized =	[0]
	NumOfPoints =	[3]
	TotalDist =	[2.41]
12	16	11	
------------------
---- Way[9]:
	Finalized =	[0]
	NumOfPoints =	[3]
	TotalDist =	[2.41]
12	16	17	
------------------
---- Way[10]:
	Finalized =	[0]
	NumOfPoints =	[4]
	TotalDist =	[3.83]
12	16	20	15	
------------------
---- Way[11]:
	Finalized =	[0]
	NumOfPoints =	[4]
	TotalDist =	[3.83]
12	16	20	21	
------------------
---- Way[12]:
	Finalized =	[0]
	NumOfPoints =	[3]
	TotalDist =	[2.41]
12	18	13	
------------------
---- Way[13]:
	Finalized =	[0]
	NumOfPoints =	[4]
	TotalDist =	[3.83]
12	18	24	19	
------------------
---- Way[14]:
	Finalized =	[0]
	NumOfPoints =	[4]
	TotalDist =	[3.83]
12	18	24	23	
------------------
---- Way[15]:
	Finalized =	[0]
	NumOfPoints =	[3]
	TotalDist =	[2.83]
12	6	0	
------------------
0000000000 	 finalized! I = 5 nWays = 16
from [0] - num = 2
Before nWays = 16 i = 5
After nWays = 17 i = 5
old = 16, j = 16
Ways: nWays[17] i[5]----------
---- Way[0]:
	Finalized =	[1]
	NumOfPoints =	[1]
	TotalDist =	[0.00]
12	
------------------
---- Way[1]:
	Finalized =	[0]
	NumOfPoints =	[3]
	TotalDist =	[2.41]
12	6	11	
------------------
---- Way[2]:
	Finalized =	[0]
	NumOfPoints =	[3]
	TotalDist =	[2.41]
12	8	13	
------------------
---- Way[3]:
	Finalized =	[1]
	NumOfPoints =	[3]
	TotalDist =	[2.83]
12	16	20	
------------------
---- Way[4]:
	Finalized =	[1]
	NumOfPoints =	[3]
	TotalDist =	[2.83]
12	18	24	
------------------
---- Way[5]:
	Finalized =	[1]
	NumOfPoints =	[3]
	TotalDist =	[2.83]
12	6	0	
------------------
---- Way[6]:
	Finalized =	[0]
	NumOfPoints =	[3]
	TotalDist =	[2.41]
12	6	7	
------------------
---- Way[7]:
	Finalized =	[1]
	NumOfPoints =	[3]
	TotalDist =	[2.83]
12	8	4	
------------------
---- Way[8]:
	Finalized =	[0]
	NumOfPoints =	[3]
	TotalDist =	[2.41]
12	16	11	
------------------
---- Way[9]:
	Finalized =	[0]
	NumOfPoints =	[3]
	TotalDist =	[2.41]
12	16	17	
------------------
---- Way[10]:
	Finalized =	[0]
	NumOfPoints =	[4]
	TotalDist =	[3.83]
12	16	20	15	
------------------
---- Way[11]:
	Finalized =	[0]
	NumOfPoints =	[4]
	TotalDist =	[3.83]
12	16	20	21	
------------------
---- Way[12]:
	Finalized =	[0]
	NumOfPoints =	[3]
	TotalDist =	[2.41]
12	18	13	
------------------
---- Way[13]:
	Finalized =	[0]
	NumOfPoints =	[4]
	TotalDist =	[3.83]
12	18	24	19	
------------------
---- Way[14]:
	Finalized =	[0]
	NumOfPoints =	[4]
	TotalDist =	[3.83]
12	18	24	23	
------------------
---- Way[15]:
	Finalized =	[0]
	NumOfPoints =	[3]
	TotalDist =	[2.83]
12	6	0	
------------------
---- Way[16]:
	Finalized =	[1]
	NumOfPoints =	[3]
	TotalDist =	[2.83]
12	6	0	
------------------
----------------
aux = 6
Ok aux [15] from[0] to[-1]
nextChildren :nextChildren = [1]
From[0] To[1]
Ok aux [16] from[0] to[1]
nextChildren :nextChildren = [5]
From[0] To[5]
---- Way[0]:
	Finalized =	[1]
	NumOfPoints =	[1]
	TotalDist =	[0.00]
12	
------------------
---- Way[1]:
	Finalized =	[0]
	NumOfPoints =	[3]
	TotalDist =	[2.41]
12	6	11	
------------------
---- Way[2]:
	Finalized =	[0]
	NumOfPoints =	[3]
	TotalDist =	[2.41]
12	8	13	
------------------
---- Way[3]:
	Finalized =	[1]
	NumOfPoints =	[3]
	TotalDist =	[2.83]
12	16	20	
------------------
---- Way[4]:
	Finalized =	[1]
	NumOfPoints =	[3]
	TotalDist =	[2.83]
12	18	24	
------------------
---- Way[5]:
	Finalized =	[1]
	NumOfPoints =	[3]
	TotalDist =	[2.83]
12	6	0	
------------------
---- Way[6]:
	Finalized =	[0]
	NumOfPoints =	[3]
	TotalDist =	[2.41]
12	6	7	
------------------
---- Way[7]:
	Finalized =	[1]
	NumOfPoints =	[3]
	TotalDist =	[2.83]
12	8	4	
------------------
---- Way[8]:
	Finalized =	[0]
	NumOfPoints =	[3]
	TotalDist =	[2.41]
12	16	11	
------------------
---- Way[9]:
	Finalized =	[0]
	NumOfPoints =	[3]
	TotalDist =	[2.41]
12	16	17	
------------------
---- Way[10]:
	Finalized =	[0]
	NumOfPoints =	[4]
	TotalDist =	[3.83]
12	16	20	15	
------------------
---- Way[11]:
	Finalized =	[0]
	NumOfPoints =	[4]
	TotalDist =	[3.83]
12	16	20	21	
------------------
---- Way[12]:
	Finalized =	[0]
	NumOfPoints =	[3]
	TotalDist =	[2.41]
12	18	13	
------------------
---- Way[13]:
	Finalized =	[0]
	NumOfPoints =	[4]
	TotalDist =	[3.83]
12	18	24	19	
------------------
---- Way[14]:
	Finalized =	[0]
	NumOfPoints =	[4]
	TotalDist =	[3.83]
12	18	24	23	
------------------
---- Way[15]:
	Finalized =	[0]
	NumOfPoints =	[4]
	TotalDist =	[3.83]
12	6	0	1	
------------------
---- Way[16]:
	Finalized =	[0]
	NumOfPoints =	[4]
	TotalDist =	[3.83]
12	6	0	5	
------------------
Inserted!
I = 5 FROM = 0 ---- Enter...
	 I = 5
from [0] - num = 0
---- Way[0]:
	Finalized =	[1]
	NumOfPoints =	[1]
	TotalDist =	[0.00]
12	
------------------
---- Way[1]:
	Finalized =	[0]
	NumOfPoints =	[3]
	TotalDist =	[2.41]
12	6	11	
------------------
---- Way[2]:
	Finalized =	[0]
	NumOfPoints =	[3]
	TotalDist =	[2.41]
12	8	13	
------------------
---- Way[3]:
	Finalized =	[1]
	NumOfPoints =	[3]
	TotalDist =	[2.83]
12	16	20	
------------------
---- Way[4]:
	Finalized =	[1]
	NumOfPoints =	[3]
	TotalDist =	[2.83]
12	18	24	
------------------
---- Way[5]:
	Finalized =	[1]
	NumOfPoints =	[3]
	TotalDist =	[2.83]
12	6	0	
------------------
---- Way[6]:
	Finalized =	[0]
	NumOfPoints =	[3]
	TotalDist =	[2.41]
12	6	7	
------------------
---- Way[7]:
	Finalized =	[1]
	NumOfPoints =	[3]
	TotalDist =	[2.83]
12	8	4	
------------------
---- Way[8]:
	Finalized =	[0]
	NumOfPoints =	[3]
	TotalDist =	[2.41]
12	16	11	
------------------
---- Way[9]:
	Finalized =	[0]
	NumOfPoints =	[3]
	TotalDist =	[2.41]
12	16	17	
------------------
---- Way[10]:
	Finalized =	[0]
	NumOfPoints =	[4]
	TotalDist =	[3.83]
12	16	20	15	
------------------
---- Way[11]:
	Finalized =	[0]
	NumOfPoints =	[4]
	TotalDist =	[3.83]
12	16	20	21	
------------------
---- Way[12]:
	Finalized =	[0]
	NumOfPoints =	[3]
	TotalDist =	[2.41]
12	18	13	
------------------
---- Way[13]:
	Finalized =	[0]
	NumOfPoints =	[4]
	TotalDist =	[3.83]
12	18	24	19	
------------------
---- Way[14]:
	Finalized =	[0]
	NumOfPoints =	[4]
	TotalDist =	[3.83]
12	18	24	23	
------------------
---- Way[15]:
	Finalized =	[0]
	NumOfPoints =	[4]
	TotalDist =	[3.83]
12	6	0	1	
------------------
---- Way[16]:
	Finalized =	[0]
	NumOfPoints =	[4]
	TotalDist =	[3.83]
12	6	0	5	
------------------
Inserted!
I = 6 FROM = 7 ---- Enter...
	 I = 6
from [7] - num = 0
---- Way[0]:
	Finalized =	[1]
	NumOfPoints =	[1]
	TotalDist =	[0.00]
12	
------------------
---- Way[1]:
	Finalized =	[0]
	NumOfPoints =	[3]
	TotalDist =	[2.41]
12	6	11	
------------------
---- Way[2]:
	Finalized =	[0]
	NumOfPoints =	[3]
	TotalDist =	[2.41]
12	8	13	
------------------
---- Way[3]:
	Finalized =	[1]
	NumOfPoints =	[3]
	TotalDist =	[2.83]
12	16	20	
------------------
---- Way[4]:
	Finalized =	[1]
	NumOfPoints =	[3]
	TotalDist =	[2.83]
12	18	24	
------------------
---- Way[5]:
	Finalized =	[1]
	NumOfPoints =	[3]
	TotalDist =	[2.83]
12	6	0	
------------------
---- Way[6]:
	Finalized =	[0]
	NumOfPoints =	[3]
	TotalDist =	[2.41]
12	6	7	
------------------
---- Way[7]:
	Finalized =	[1]
	NumOfPoints =	[3]
	TotalDist =	[2.83]
12	8	4	
------------------
---- Way[8]:
	Finalized =	[0]
	NumOfPoints =	[3]
	TotalDist =	[2.41]
12	16	11	
------------------
---- Way[9]:
	Finalized =	[0]
	NumOfPoints =	[3]
	TotalDist =	[2.41]
12	16	17	
------------------
---- Way[10]:
	Finalized =	[0]
	NumOfPoints =	[4]
	TotalDist =	[3.83]
12	16	20	15	
------------------
---- Way[11]:
	Finalized =	[0]
	NumOfPoints =	[4]
	TotalDist =	[3.83]
12	16	20	21	
------------------
---- Way[12]:
	Finalized =	[0]
	NumOfPoints =	[3]
	TotalDist =	[2.41]
12	18	13	
------------------
---- Way[13]:
	Finalized =	[0]
	NumOfPoints =	[4]
	TotalDist =	[3.83]
12	18	24	19	
------------------
---- Way[14]:
	Finalized =	[0]
	NumOfPoints =	[4]
	TotalDist =	[3.83]
12	18	24	23	
------------------
---- Way[15]:
	Finalized =	[0]
	NumOfPoints =	[4]
	TotalDist =	[3.83]
12	6	0	1	
------------------
---- Way[16]:
	Finalized =	[0]
	NumOfPoints =	[4]
	TotalDist =	[3.83]
12	6	0	5	
------------------
Inserted!
I = 7 FROM = 4 ---- Enter...
	 I = 7
finalized!
---- Way[0]:
	Finalized =	[1]
	NumOfPoints =	[1]
	TotalDist =	[0.00]
12	
------------------
---- Way[1]:
	Finalized =	[0]
	NumOfPoints =	[3]
	TotalDist =	[2.41]
12	6	11	
------------------
---- Way[2]:
	Finalized =	[0]
	NumOfPoints =	[3]
	TotalDist =	[2.41]
12	8	13	
------------------
---- Way[3]:
	Finalized =	[1]
	NumOfPoints =	[3]
	TotalDist =	[2.83]
12	16	20	
------------------
---- Way[4]:
	Finalized =	[1]
	NumOfPoints =	[3]
	TotalDist =	[2.83]
12	18	24	
------------------
---- Way[5]:
	Finalized =	[1]
	NumOfPoints =	[3]
	TotalDist =	[2.83]
12	6	0	
------------------
---- Way[6]:
	Finalized =	[0]
	NumOfPoints =	[3]
	TotalDist =	[2.41]
12	6	7	
------------------
---- Way[7]:
	Finalized =	[1]
	NumOfPoints =	[3]
	TotalDist =	[2.83]
12	8	4	
------------------
---- Way[8]:
	Finalized =	[0]
	NumOfPoints =	[3]
	TotalDist =	[2.41]
12	16	11	
------------------
---- Way[9]:
	Finalized =	[0]
	NumOfPoints =	[3]
	TotalDist =	[2.41]
12	16	17	
------------------
---- Way[10]:
	Finalized =	[0]
	NumOfPoints =	[4]
	TotalDist =	[3.83]
12	16	20	15	
------------------
---- Way[11]:
	Finalized =	[0]
	NumOfPoints =	[4]
	TotalDist =	[3.83]
12	16	20	21	
------------------
---- Way[12]:
	Finalized =	[0]
	NumOfPoints =	[3]
	TotalDist =	[2.41]
12	18	13	
------------------
---- Way[13]:
	Finalized =	[0]
	NumOfPoints =	[4]
	TotalDist =	[3.83]
12	18	24	19	
------------------
---- Way[14]:
	Finalized =	[0]
	NumOfPoints =	[4]
	TotalDist =	[3.83]
12	18	24	23	
------------------
---- Way[15]:
	Finalized =	[0]
	NumOfPoints =	[4]
	TotalDist =	[3.83]
12	6	0	1	
------------------
---- Way[16]:
	Finalized =	[0]
	NumOfPoints =	[4]
	TotalDist =	[3.83]
12	6	0	5	
------------------
---- Way[17]:
	Finalized =	[0]
	NumOfPoints =	[3]
	TotalDist =	[2.83]
12	8	4	
------------------
0000000000 	 finalized! I = 7 nWays = 18
from [4] - num = 2
Before nWays = 18 i = 7
After nWays = 19 i = 7
old = 18, j = 18
Ways: nWays[19] i[7]----------
---- Way[0]:
	Finalized =	[1]
	NumOfPoints =	[1]
	TotalDist =	[0.00]
12	
------------------
---- Way[1]:
	Finalized =	[0]
	NumOfPoints =	[3]
	TotalDist =	[2.41]
12	6	11	
------------------
---- Way[2]:
	Finalized =	[0]
	NumOfPoints =	[3]
	TotalDist =	[2.41]
12	8	13	
------------------
---- Way[3]:
	Finalized =	[1]
	NumOfPoints =	[3]
	TotalDist =	[2.83]
12	16	20	
------------------
---- Way[4]:
	Finalized =	[1]
	NumOfPoints =	[3]
	TotalDist =	[2.83]
12	18	24	
------------------
---- Way[5]:
	Finalized =	[1]
	NumOfPoints =	[3]
	TotalDist =	[2.83]
12	6	0	
------------------
---- Way[6]:
	Finalized =	[0]
	NumOfPoints =	[3]
	TotalDist =	[2.41]
12	6	7	
------------------
---- Way[7]:
	Finalized =	[1]
	NumOfPoints =	[3]
	TotalDist =	[2.83]
12	8	4	
------------------
---- Way[8]:
	Finalized =	[0]
	NumOfPoints =	[3]
	TotalDist =	[2.41]
12	16	11	
------------------
---- Way[9]:
	Finalized =	[0]
	NumOfPoints =	[3]
	TotalDist =	[2.41]
12	16	17	
------------------
---- Way[10]:
	Finalized =	[0]
	NumOfPoints =	[4]
	TotalDist =	[3.83]
12	16	20	15	
------------------
---- Way[11]:
	Finalized =	[0]
	NumOfPoints =	[4]
	TotalDist =	[3.83]
12	16	20	21	
------------------
---- Way[12]:
	Finalized =	[0]
	NumOfPoints =	[3]
	TotalDist =	[2.41]
12	18	13	
------------------
---- Way[13]:
	Finalized =	[0]
	NumOfPoints =	[4]
	TotalDist =	[3.83]
12	18	24	19	
------------------
---- Way[14]:
	Finalized =	[0]
	NumOfPoints =	[4]
	TotalDist =	[3.83]
12	18	24	23	
------------------
---- Way[15]:
	Finalized =	[0]
	NumOfPoints =	[4]
	TotalDist =	[3.83]
12	6	0	1	
------------------
---- Way[16]:
	Finalized =	[0]
	NumOfPoints =	[4]
	TotalDist =	[3.83]
12	6	0	5	
------------------
---- Way[17]:
	Finalized =	[0]
	NumOfPoints =	[3]
	TotalDist =	[2.83]
12	8	4	
------------------
---- Way[18]:
	Finalized =	[1]
	NumOfPoints =	[3]
	TotalDist =	[2.83]
12	8	4	
------------------
----------------
aux = 8
Ok aux [17] from[4] to[-1]
nextChildren :nextChildren = [3]
From[4] To[3]
Ok aux [18] from[4] to[3]
nextChildren :nextChildren = [9]
From[4] To[9]
---- Way[0]:
	Finalized =	[1]
	NumOfPoints =	[1]
	TotalDist =	[0.00]
12	
------------------
---- Way[1]:
	Finalized =	[0]
	NumOfPoints =	[3]
	TotalDist =	[2.41]
12	6	11	
------------------
---- Way[2]:
	Finalized =	[0]
	NumOfPoints =	[3]
	TotalDist =	[2.41]
12	8	13	
------------------
---- Way[3]:
	Finalized =	[1]
	NumOfPoints =	[3]
	TotalDist =	[2.83]
12	16	20	
------------------
---- Way[4]:
	Finalized =	[1]
	NumOfPoints =	[3]
	TotalDist =	[2.83]
12	18	24	
------------------
---- Way[5]:
	Finalized =	[1]
	NumOfPoints =	[3]
	TotalDist =	[2.83]
12	6	0	
------------------
---- Way[6]:
	Finalized =	[0]
	NumOfPoints =	[3]
	TotalDist =	[2.41]
12	6	7	
------------------
---- Way[7]:
	Finalized =	[1]
	NumOfPoints =	[3]
	TotalDist =	[2.83]
12	8	4	
------------------
---- Way[8]:
	Finalized =	[0]
	NumOfPoints =	[3]
	TotalDist =	[2.41]
12	16	11	
------------------
---- Way[9]:
	Finalized =	[0]
	NumOfPoints =	[3]
	TotalDist =	[2.41]
12	16	17	
------------------
---- Way[10]:
	Finalized =	[0]
	NumOfPoints =	[4]
	TotalDist =	[3.83]
12	16	20	15	
------------------
---- Way[11]:
	Finalized =	[0]
	NumOfPoints =	[4]
	TotalDist =	[3.83]
12	16	20	21	
------------------
---- Way[12]:
	Finalized =	[0]
	NumOfPoints =	[3]
	TotalDist =	[2.41]
12	18	13	
------------------
---- Way[13]:
	Finalized =	[0]
	NumOfPoints =	[4]
	TotalDist =	[3.83]
12	18	24	19	
------------------
---- Way[14]:
	Finalized =	[0]
	NumOfPoints =	[4]
	TotalDist =	[3.83]
12	18	24	23	
------------------
---- Way[15]:
	Finalized =	[0]
	NumOfPoints =	[4]
	TotalDist =	[3.83]
12	6	0	1	
------------------
---- Way[16]:
	Finalized =	[0]
	NumOfPoints =	[4]
	TotalDist =	[3.83]
12	6	0	5	
------------------
---- Way[17]:
	Finalized =	[0]
	NumOfPoints =	[4]
	TotalDist =	[3.83]
12	8	4	3	
------------------
---- Way[18]:
	Finalized =	[0]
	NumOfPoints =	[4]
	TotalDist =	[3.83]
12	8	4	9	
------------------
Inserted!
I = 7 FROM = 4 ---- Enter...
	 I = 7
from [4] - num = 0
---- Way[0]:
	Finalized =	[1]
	NumOfPoints =	[1]
	TotalDist =	[0.00]
12	
------------------
---- Way[1]:
	Finalized =	[0]
	NumOfPoints =	[3]
	TotalDist =	[2.41]
12	6	11	
------------------
---- Way[2]:
	Finalized =	[0]
	NumOfPoints =	[3]
	TotalDist =	[2.41]
12	8	13	
------------------
---- Way[3]:
	Finalized =	[1]
	NumOfPoints =	[3]
	TotalDist =	[2.83]
12	16	20	
------------------
---- Way[4]:
	Finalized =	[1]
	NumOfPoints =	[3]
	TotalDist =	[2.83]
12	18	24	
------------------
---- Way[5]:
	Finalized =	[1]
	NumOfPoints =	[3]
	TotalDist =	[2.83]
12	6	0	
------------------
---- Way[6]:
	Finalized =	[0]
	NumOfPoints =	[3]
	TotalDist =	[2.41]
12	6	7	
------------------
---- Way[7]:
	Finalized =	[1]
	NumOfPoints =	[3]
	TotalDist =	[2.83]
12	8	4	
------------------
---- Way[8]:
	Finalized =	[0]
	NumOfPoints =	[3]
	TotalDist =	[2.41]
12	16	11	
------------------
---- Way[9]:
	Finalized =	[0]
	NumOfPoints =	[3]
	TotalDist =	[2.41]
12	16	17	
------------------
---- Way[10]:
	Finalized =	[0]
	NumOfPoints =	[4]
	TotalDist =	[3.83]
12	16	20	15	
------------------
---- Way[11]:
	Finalized =	[0]
	NumOfPoints =	[4]
	TotalDist =	[3.83]
12	16	20	21	
------------------
---- Way[12]:
	Finalized =	[0]
	NumOfPoints =	[3]
	TotalDist =	[2.41]
12	18	13	
------------------
---- Way[13]:
	Finalized =	[0]
	NumOfPoints =	[4]
	TotalDist =	[3.83]
12	18	24	19	
------------------
---- Way[14]:
	Finalized =	[0]
	NumOfPoints =	[4]
	TotalDist =	[3.83]
12	18	24	23	
------------------
---- Way[15]:
	Finalized =	[0]
	NumOfPoints =	[4]
	TotalDist =	[3.83]
12	6	0	1	
------------------
---- Way[16]:
	Finalized =	[0]
	NumOfPoints =	[4]
	TotalDist =	[3.83]
12	6	0	5	
------------------
---- Way[17]:
	Finalized =	[0]
	NumOfPoints =	[4]
	TotalDist =	[3.83]
12	8	4	3	
------------------
---- Way[18]:
	Finalized =	[0]
	NumOfPoints =	[4]
	TotalDist =	[3.83]
12	8	4	9	
------------------
Inserted!
I = 8 FROM = 11 ---- Enter...
	 I = 8
from [11] - num = 0
---- Way[0]:
	Finalized =	[1]
	NumOfPoints =	[1]
	TotalDist =	[0.00]
12	
------------------
---- Way[1]:
	Finalized =	[0]
	NumOfPoints =	[3]
	TotalDist =	[2.41]
12	6	11	
------------------
---- Way[2]:
	Finalized =	[0]
	NumOfPoints =	[3]
	TotalDist =	[2.41]
12	8	13	
------------------
---- Way[3]:
	Finalized =	[1]
	NumOfPoints =	[3]
	TotalDist =	[2.83]
12	16	20	
------------------
---- Way[4]:
	Finalized =	[1]
	NumOfPoints =	[3]
	TotalDist =	[2.83]
12	18	24	
------------------
---- Way[5]:
	Finalized =	[1]
	NumOfPoints =	[3]
	TotalDist =	[2.83]
12	6	0	
------------------
---- Way[6]:
	Finalized =	[0]
	NumOfPoints =	[3]
	TotalDist =	[2.41]
12	6	7	
------------------
---- Way[7]:
	Finalized =	[1]
	NumOfPoints =	[3]
	TotalDist =	[2.83]
12	8	4	
------------------
---- Way[8]:
	Finalized =	[0]
	NumOfPoints =	[3]
	TotalDist =	[2.41]
12	16	11	
------------------
---- Way[9]:
	Finalized =	[0]
	NumOfPoints =	[3]
	TotalDist =	[2.41]
12	16	17	
------------------
---- Way[10]:
	Finalized =	[0]
	NumOfPoints =	[4]
	TotalDist =	[3.83]
12	16	20	15	
------------------
---- Way[11]:
	Finalized =	[0]
	NumOfPoints =	[4]
	TotalDist =	[3.83]
12	16	20	21	
------------------
---- Way[12]:
	Finalized =	[0]
	NumOfPoints =	[3]
	TotalDist =	[2.41]
12	18	13	
------------------
---- Way[13]:
	Finalized =	[0]
	NumOfPoints =	[4]
	TotalDist =	[3.83]
12	18	24	19	
------------------
---- Way[14]:
	Finalized =	[0]
	NumOfPoints =	[4]
	TotalDist =	[3.83]
12	18	24	23	
------------------
---- Way[15]:
	Finalized =	[0]
	NumOfPoints =	[4]
	TotalDist =	[3.83]
12	6	0	1	
------------------
---- Way[16]:
	Finalized =	[0]
	NumOfPoints =	[4]
	TotalDist =	[3.83]
12	6	0	5	
------------------
---- Way[17]:
	Finalized =	[0]
	NumOfPoints =	[4]
	TotalDist =	[3.83]
12	8	4	3	
------------------
---- Way[18]:
	Finalized =	[0]
	NumOfPoints =	[4]
	TotalDist =	[3.83]
12	8	4	9	
------------------
Inserted!
I = 9 FROM = 17 ---- Enter...
	 I = 9
from [17] - num = 0
---- Way[0]:
	Finalized =	[1]
	NumOfPoints =	[1]
	TotalDist =	[0.00]
12	
------------------
---- Way[1]:
	Finalized =	[0]
	NumOfPoints =	[3]
	TotalDist =	[2.41]
12	6	11	
------------------
---- Way[2]:
	Finalized =	[0]
	NumOfPoints =	[3]
	TotalDist =	[2.41]
12	8	13	
------------------
---- Way[3]:
	Finalized =	[1]
	NumOfPoints =	[3]
	TotalDist =	[2.83]
12	16	20	
------------------
---- Way[4]:
	Finalized =	[1]
	NumOfPoints =	[3]
	TotalDist =	[2.83]
12	18	24	
------------------
---- Way[5]:
	Finalized =	[1]
	NumOfPoints =	[3]
	TotalDist =	[2.83]
12	6	0	
------------------
---- Way[6]:
	Finalized =	[0]
	NumOfPoints =	[3]
	TotalDist =	[2.41]
12	6	7	
------------------
---- Way[7]:
	Finalized =	[1]
	NumOfPoints =	[3]
	TotalDist =	[2.83]
12	8	4	
------------------
---- Way[8]:
	Finalized =	[0]
	NumOfPoints =	[3]
	TotalDist =	[2.41]
12	16	11	
------------------
---- Way[9]:
	Finalized =	[0]
	NumOfPoints =	[3]
	TotalDist =	[2.41]
12	16	17	
------------------
---- Way[10]:
	Finalized =	[0]
	NumOfPoints =	[4]
	TotalDist =	[3.83]
12	16	20	15	
------------------
---- Way[11]:
	Finalized =	[0]
	NumOfPoints =	[4]
	TotalDist =	[3.83]
12	16	20	21	
------------------
---- Way[12]:
	Finalized =	[0]
	NumOfPoints =	[3]
	TotalDist =	[2.41]
12	18	13	
------------------
---- Way[13]:
	Finalized =	[0]
	NumOfPoints =	[4]
	TotalDist =	[3.83]
12	18	24	19	
------------------
---- Way[14]:
	Finalized =	[0]
	NumOfPoints =	[4]
	TotalDist =	[3.83]
12	18	24	23	
------------------
---- Way[15]:
	Finalized =	[0]
	NumOfPoints =	[4]
	TotalDist =	[3.83]
12	6	0	1	
------------------
---- Way[16]:
	Finalized =	[0]
	NumOfPoints =	[4]
	TotalDist =	[3.83]
12	6	0	5	
------------------
---- Way[17]:
	Finalized =	[0]
	NumOfPoints =	[4]
	TotalDist =	[3.83]
12	8	4	3	
------------------
---- Way[18]:
	Finalized =	[0]
	NumOfPoints =	[4]
	TotalDist =	[3.83]
12	8	4	9	
------------------
Inserted!
I = 10 FROM = 15 ---- Enter...
	 I = 10
from [15] - num = 1
num==1, from[15] to[-1]
From[15] To[10]
---- Way[0]:
	Finalized =	[1]
	NumOfPoints =	[1]
	TotalDist =	[0.00]
12	
------------------
---- Way[1]:
	Finalized =	[0]
	NumOfPoints =	[3]
	TotalDist =	[2.41]
12	6	11	
------------------
---- Way[2]:
	Finalized =	[0]
	NumOfPoints =	[3]
	TotalDist =	[2.41]
12	8	13	
------------------
---- Way[3]:
	Finalized =	[1]
	NumOfPoints =	[3]
	TotalDist =	[2.83]
12	16	20	
------------------
---- Way[4]:
	Finalized =	[1]
	NumOfPoints =	[3]
	TotalDist =	[2.83]
12	18	24	
------------------
---- Way[5]:
	Finalized =	[1]
	NumOfPoints =	[3]
	TotalDist =	[2.83]
12	6	0	
------------------
---- Way[6]:
	Finalized =	[0]
	NumOfPoints =	[3]
	TotalDist =	[2.41]
12	6	7	
------------------
---- Way[7]:
	Finalized =	[1]
	NumOfPoints =	[3]
	TotalDist =	[2.83]
12	8	4	
------------------
---- Way[8]:
	Finalized =	[0]
	NumOfPoints =	[3]
	TotalDist =	[2.41]
12	16	11	
------------------
---- Way[9]:
	Finalized =	[0]
	NumOfPoints =	[3]
	TotalDist =	[2.41]
12	16	17	
------------------
---- Way[10]:
	Finalized =	[0]
	NumOfPoints =	[5]
	TotalDist =	[4.83]
12	16	20	15	10	
------------------
---- Way[11]:
	Finalized =	[0]
	NumOfPoints =	[4]
	TotalDist =	[3.83]
12	16	20	21	
------------------
---- Way[12]:
	Finalized =	[0]
	NumOfPoints =	[3]
	TotalDist =	[2.41]
12	18	13	
------------------
---- Way[13]:
	Finalized =	[0]
	NumOfPoints =	[4]
	TotalDist =	[3.83]
12	18	24	19	
------------------
---- Way[14]:
	Finalized =	[0]
	NumOfPoints =	[4]
	TotalDist =	[3.83]
12	18	24	23	
------------------
---- Way[15]:
	Finalized =	[0]
	NumOfPoints =	[4]
	TotalDist =	[3.83]
12	6	0	1	
------------------
---- Way[16]:
	Finalized =	[0]
	NumOfPoints =	[4]
	TotalDist =	[3.83]
12	6	0	5	
------------------
---- Way[17]:
	Finalized =	[0]
	NumOfPoints =	[4]
	TotalDist =	[3.83]
12	8	4	3	
------------------
---- Way[18]:
	Finalized =	[0]
	NumOfPoints =	[4]
	TotalDist =	[3.83]
12	8	4	9	
------------------
Inserted!
I = 10 FROM = 10 ---- Enter...
	 I = 10
from [10] - num = 0
---- Way[0]:
	Finalized =	[1]
	NumOfPoints =	[1]
	TotalDist =	[0.00]
12	
------------------
---- Way[1]:
	Finalized =	[0]
	NumOfPoints =	[3]
	TotalDist =	[2.41]
12	6	11	
------------------
---- Way[2]:
	Finalized =	[0]
	NumOfPoints =	[3]
	TotalDist =	[2.41]
12	8	13	
------------------
---- Way[3]:
	Finalized =	[1]
	NumOfPoints =	[3]
	TotalDist =	[2.83]
12	16	20	
------------------
---- Way[4]:
	Finalized =	[1]
	NumOfPoints =	[3]
	TotalDist =	[2.83]
12	18	24	
------------------
---- Way[5]:
	Finalized =	[1]
	NumOfPoints =	[3]
	TotalDist =	[2.83]
12	6	0	
------------------
---- Way[6]:
	Finalized =	[0]
	NumOfPoints =	[3]
	TotalDist =	[2.41]
12	6	7	
------------------
---- Way[7]:
	Finalized =	[1]
	NumOfPoints =	[3]
	TotalDist =	[2.83]
12	8	4	
------------------
---- Way[8]:
	Finalized =	[0]
	NumOfPoints =	[3]
	TotalDist =	[2.41]
12	16	11	
------------------
---- Way[9]:
	Finalized =	[0]
	NumOfPoints =	[3]
	TotalDist =	[2.41]
12	16	17	
------------------
---- Way[10]:
	Finalized =	[0]
	NumOfPoints =	[5]
	TotalDist =	[4.83]
12	16	20	15	10	
------------------
---- Way[11]:
	Finalized =	[0]
	NumOfPoints =	[4]
	TotalDist =	[3.83]
12	16	20	21	
------------------
---- Way[12]:
	Finalized =	[0]
	NumOfPoints =	[3]
	TotalDist =	[2.41]
12	18	13	
------------------
---- Way[13]:
	Finalized =	[0]
	NumOfPoints =	[4]
	TotalDist =	[3.83]
12	18	24	19	
------------------
---- Way[14]:
	Finalized =	[0]
	NumOfPoints =	[4]
	TotalDist =	[3.83]
12	18	24	23	
------------------
---- Way[15]:
	Finalized =	[0]
	NumOfPoints =	[4]
	TotalDist =	[3.83]
12	6	0	1	
------------------
---- Way[16]:
	Finalized =	[0]
	NumOfPoints =	[4]
	TotalDist =	[3.83]
12	6	0	5	
------------------
---- Way[17]:
	Finalized =	[0]
	NumOfPoints =	[4]
	TotalDist =	[3.83]
12	8	4	3	
------------------
---- Way[18]:
	Finalized =	[0]
	NumOfPoints =	[4]
	TotalDist =	[3.83]
12	8	4	9	
------------------
Inserted!
I = 11 FROM = 21 ---- Enter...
	 I = 11
from [21] - num = 1
num==1, from[21] to[-1]
From[21] To[22]
---- Way[0]:
	Finalized =	[1]
	NumOfPoints =	[1]
	TotalDist =	[0.00]
12	
------------------
---- Way[1]:
	Finalized =	[0]
	NumOfPoints =	[3]
	TotalDist =	[2.41]
12	6	11	
------------------
---- Way[2]:
	Finalized =	[0]
	NumOfPoints =	[3]
	TotalDist =	[2.41]
12	8	13	
------------------
---- Way[3]:
	Finalized =	[1]
	NumOfPoints =	[3]
	TotalDist =	[2.83]
12	16	20	
------------------
---- Way[4]:
	Finalized =	[1]
	NumOfPoints =	[3]
	TotalDist =	[2.83]
12	18	24	
------------------
---- Way[5]:
	Finalized =	[1]
	NumOfPoints =	[3]
	TotalDist =	[2.83]
12	6	0	
------------------
---- Way[6]:
	Finalized =	[0]
	NumOfPoints =	[3]
	TotalDist =	[2.41]
12	6	7	
------------------
---- Way[7]:
	Finalized =	[1]
	NumOfPoints =	[3]
	TotalDist =	[2.83]
12	8	4	
------------------
---- Way[8]:
	Finalized =	[0]
	NumOfPoints =	[3]
	TotalDist =	[2.41]
12	16	11	
------------------
---- Way[9]:
	Finalized =	[0]
	NumOfPoints =	[3]
	TotalDist =	[2.41]
12	16	17	
------------------
---- Way[10]:
	Finalized =	[0]
	NumOfPoints =	[5]
	TotalDist =	[4.83]
12	16	20	15	10	
------------------
---- Way[11]:
	Finalized =	[0]
	NumOfPoints =	[5]
	TotalDist =	[4.83]
12	16	20	21	22	
------------------
---- Way[12]:
	Finalized =	[0]
	NumOfPoints =	[3]
	TotalDist =	[2.41]
12	18	13	
------------------
---- Way[13]:
	Finalized =	[0]
	NumOfPoints =	[4]
	TotalDist =	[3.83]
12	18	24	19	
------------------
---- Way[14]:
	Finalized =	[0]
	NumOfPoints =	[4]
	TotalDist =	[3.83]
12	18	24	23	
------------------
---- Way[15]:
	Finalized =	[0]
	NumOfPoints =	[4]
	TotalDist =	[3.83]
12	6	0	1	
------------------
---- Way[16]:
	Finalized =	[0]
	NumOfPoints =	[4]
	TotalDist =	[3.83]
12	6	0	5	
------------------
---- Way[17]:
	Finalized =	[0]
	NumOfPoints =	[4]
	TotalDist =	[3.83]
12	8	4	3	
------------------
---- Way[18]:
	Finalized =	[0]
	NumOfPoints =	[4]
	TotalDist =	[3.83]
12	8	4	9	
------------------
Inserted!
I = 11 FROM = 22 ---- Enter...
	 I = 11
from [22] - num = 0
---- Way[0]:
	Finalized =	[1]
	NumOfPoints =	[1]
	TotalDist =	[0.00]
12	
------------------
---- Way[1]:
	Finalized =	[0]
	NumOfPoints =	[3]
	TotalDist =	[2.41]
12	6	11	
------------------
---- Way[2]:
	Finalized =	[0]
	NumOfPoints =	[3]
	TotalDist =	[2.41]
12	8	13	
------------------
---- Way[3]:
	Finalized =	[1]
	NumOfPoints =	[3]
	TotalDist =	[2.83]
12	16	20	
------------------
---- Way[4]:
	Finalized =	[1]
	NumOfPoints =	[3]
	TotalDist =	[2.83]
12	18	24	
------------------
---- Way[5]:
	Finalized =	[1]
	NumOfPoints =	[3]
	TotalDist =	[2.83]
12	6	0	
------------------
---- Way[6]:
	Finalized =	[0]
	NumOfPoints =	[3]
	TotalDist =	[2.41]
12	6	7	
------------------
---- Way[7]:
	Finalized =	[1]
	NumOfPoints =	[3]
	TotalDist =	[2.83]
12	8	4	
------------------
---- Way[8]:
	Finalized =	[0]
	NumOfPoints =	[3]
	TotalDist =	[2.41]
12	16	11	
------------------
---- Way[9]:
	Finalized =	[0]
	NumOfPoints =	[3]
	TotalDist =	[2.41]
12	16	17	
------------------
---- Way[10]:
	Finalized =	[0]
	NumOfPoints =	[5]
	TotalDist =	[4.83]
12	16	20	15	10	
------------------
---- Way[11]:
	Finalized =	[0]
	NumOfPoints =	[5]
	TotalDist =	[4.83]
12	16	20	21	22	
------------------
---- Way[12]:
	Finalized =	[0]
	NumOfPoints =	[3]
	TotalDist =	[2.41]
12	18	13	
------------------
---- Way[13]:
	Finalized =	[0]
	NumOfPoints =	[4]
	TotalDist =	[3.83]
12	18	24	19	
------------------
---- Way[14]:
	Finalized =	[0]
	NumOfPoints =	[4]
	TotalDist =	[3.83]
12	18	24	23	
------------------
---- Way[15]:
	Finalized =	[0]
	NumOfPoints =	[4]
	TotalDist =	[3.83]
12	6	0	1	
------------------
---- Way[16]:
	Finalized =	[0]
	NumOfPoints =	[4]
	TotalDist =	[3.83]
12	6	0	5	
------------------
---- Way[17]:
	Finalized =	[0]
	NumOfPoints =	[4]
	TotalDist =	[3.83]
12	8	4	3	
------------------
---- Way[18]:
	Finalized =	[0]
	NumOfPoints =	[4]
	TotalDist =	[3.83]
12	8	4	9	
------------------
Inserted!
I = 12 FROM = 13 ---- Enter...
	 I = 12
from [13] - num = 0
---- Way[0]:
	Finalized =	[1]
	NumOfPoints =	[1]
	TotalDist =	[0.00]
12	
------------------
---- Way[1]:
	Finalized =	[0]
	NumOfPoints =	[3]
	TotalDist =	[2.41]
12	6	11	
------------------
---- Way[2]:
	Finalized =	[0]
	NumOfPoints =	[3]
	TotalDist =	[2.41]
12	8	13	
------------------
---- Way[3]:
	Finalized =	[1]
	NumOfPoints =	[3]
	TotalDist =	[2.83]
12	16	20	
------------------
---- Way[4]:
	Finalized =	[1]
	NumOfPoints =	[3]
	TotalDist =	[2.83]
12	18	24	
------------------
---- Way[5]:
	Finalized =	[1]
	NumOfPoints =	[3]
	TotalDist =	[2.83]
12	6	0	
------------------
---- Way[6]:
	Finalized =	[0]
	NumOfPoints =	[3]
	TotalDist =	[2.41]
12	6	7	
------------------
---- Way[7]:
	Finalized =	[1]
	NumOfPoints =	[3]
	TotalDist =	[2.83]
12	8	4	
------------------
---- Way[8]:
	Finalized =	[0]
	NumOfPoints =	[3]
	TotalDist =	[2.41]
12	16	11	
------------------
---- Way[9]:
	Finalized =	[0]
	NumOfPoints =	[3]
	TotalDist =	[2.41]
12	16	17	
------------------
---- Way[10]:
	Finalized =	[0]
	NumOfPoints =	[5]
	TotalDist =	[4.83]
12	16	20	15	10	
------------------
---- Way[11]:
	Finalized =	[0]
	NumOfPoints =	[5]
	TotalDist =	[4.83]
12	16	20	21	22	
------------------
---- Way[12]:
	Finalized =	[0]
	NumOfPoints =	[3]
	TotalDist =	[2.41]
12	18	13	
------------------
---- Way[13]:
	Finalized =	[0]
	NumOfPoints =	[4]
	TotalDist =	[3.83]
12	18	24	19	
------------------
---- Way[14]:
	Finalized =	[0]
	NumOfPoints =	[4]
	TotalDist =	[3.83]
12	18	24	23	
------------------
---- Way[15]:
	Finalized =	[0]
	NumOfPoints =	[4]
	TotalDist =	[3.83]
12	6	0	1	
------------------
---- Way[16]:
	Finalized =	[0]
	NumOfPoints =	[4]
	TotalDist =	[3.83]
12	6	0	5	
------------------
---- Way[17]:
	Finalized =	[0]
	NumOfPoints =	[4]
	TotalDist =	[3.83]
12	8	4	3	
------------------
---- Way[18]:
	Finalized =	[0]
	NumOfPoints =	[4]
	TotalDist =	[3.83]
12	8	4	9	
------------------
Inserted!
I = 13 FROM = 19 ---- Enter...
	 I = 13
from [19] - num = 1
num==1, from[19] to[-1]
From[19] To[14]
---- Way[0]:
	Finalized =	[1]
	NumOfPoints =	[1]
	TotalDist =	[0.00]
12	
------------------
---- Way[1]:
	Finalized =	[0]
	NumOfPoints =	[3]
	TotalDist =	[2.41]
12	6	11	
------------------
---- Way[2]:
	Finalized =	[0]
	NumOfPoints =	[3]
	TotalDist =	[2.41]
12	8	13	
------------------
---- Way[3]:
	Finalized =	[1]
	NumOfPoints =	[3]
	TotalDist =	[2.83]
12	16	20	
------------------
---- Way[4]:
	Finalized =	[1]
	NumOfPoints =	[3]
	TotalDist =	[2.83]
12	18	24	
------------------
---- Way[5]:
	Finalized =	[1]
	NumOfPoints =	[3]
	TotalDist =	[2.83]
12	6	0	
------------------
---- Way[6]:
	Finalized =	[0]
	NumOfPoints =	[3]
	TotalDist =	[2.41]
12	6	7	
------------------
---- Way[7]:
	Finalized =	[1]
	NumOfPoints =	[3]
	TotalDist =	[2.83]
12	8	4	
------------------
---- Way[8]:
	Finalized =	[0]
	NumOfPoints =	[3]
	TotalDist =	[2.41]
12	16	11	
------------------
---- Way[9]:
	Finalized =	[0]
	NumOfPoints =	[3]
	TotalDist =	[2.41]
12	16	17	
------------------
---- Way[10]:
	Finalized =	[0]
	NumOfPoints =	[5]
	TotalDist =	[4.83]
12	16	20	15	10	
------------------
---- Way[11]:
	Finalized =	[0]
	NumOfPoints =	[5]
	TotalDist =	[4.83]
12	16	20	21	22	
------------------
---- Way[12]:
	Finalized =	[0]
	NumOfPoints =	[3]
	TotalDist =	[2.41]
12	18	13	
------------------
---- Way[13]:
	Finalized =	[0]
	NumOfPoints =	[5]
	TotalDist =	[4.83]
12	18	24	19	14	
------------------
---- Way[14]:
	Finalized =	[0]
	NumOfPoints =	[4]
	TotalDist =	[3.83]
12	18	24	23	
------------------
---- Way[15]:
	Finalized =	[0]
	NumOfPoints =	[4]
	TotalDist =	[3.83]
12	6	0	1	
------------------
---- Way[16]:
	Finalized =	[0]
	NumOfPoints =	[4]
	TotalDist =	[3.83]
12	6	0	5	
------------------
---- Way[17]:
	Finalized =	[0]
	NumOfPoints =	[4]
	TotalDist =	[3.83]
12	8	4	3	
------------------
---- Way[18]:
	Finalized =	[0]
	NumOfPoints =	[4]
	TotalDist =	[3.83]
12	8	4	9	
------------------
Inserted!
I = 13 FROM = 14 ---- Enter...
	 I = 13
from [14] - num = 0
---- Way[0]:
	Finalized =	[1]
	NumOfPoints =	[1]
	TotalDist =	[0.00]
12	
------------------
---- Way[1]:
	Finalized =	[0]
	NumOfPoints =	[3]
	TotalDist =	[2.41]
12	6	11	
------------------
---- Way[2]:
	Finalized =	[0]
	NumOfPoints =	[3]
	TotalDist =	[2.41]
12	8	13	
------------------
---- Way[3]:
	Finalized =	[1]
	NumOfPoints =	[3]
	TotalDist =	[2.83]
12	16	20	
------------------
---- Way[4]:
	Finalized =	[1]
	NumOfPoints =	[3]
	TotalDist =	[2.83]
12	18	24	
------------------
---- Way[5]:
	Finalized =	[1]
	NumOfPoints =	[3]
	TotalDist =	[2.83]
12	6	0	
------------------
---- Way[6]:
	Finalized =	[0]
	NumOfPoints =	[3]
	TotalDist =	[2.41]
12	6	7	
------------------
---- Way[7]:
	Finalized =	[1]
	NumOfPoints =	[3]
	TotalDist =	[2.83]
12	8	4	
------------------
---- Way[8]:
	Finalized =	[0]
	NumOfPoints =	[3]
	TotalDist =	[2.41]
12	16	11	
------------------
---- Way[9]:
	Finalized =	[0]
	NumOfPoints =	[3]
	TotalDist =	[2.41]
12	16	17	
------------------
---- Way[10]:
	Finalized =	[0]
	NumOfPoints =	[5]
	TotalDist =	[4.83]
12	16	20	15	10	
------------------
---- Way[11]:
	Finalized =	[0]
	NumOfPoints =	[5]
	TotalDist =	[4.83]
12	16	20	21	22	
------------------
---- Way[12]:
	Finalized =	[0]
	NumOfPoints =	[3]
	TotalDist =	[2.41]
12	18	13	
------------------
---- Way[13]:
	Finalized =	[0]
	NumOfPoints =	[5]
	TotalDist =	[4.83]
12	18	24	19	14	
------------------
---- Way[14]:
	Finalized =	[0]
	NumOfPoints =	[4]
	TotalDist =	[3.83]
12	18	24	23	
------------------
---- Way[15]:
	Finalized =	[0]
	NumOfPoints =	[4]
	TotalDist =	[3.83]
12	6	0	1	
------------------
---- Way[16]:
	Finalized =	[0]
	NumOfPoints =	[4]
	TotalDist =	[3.83]
12	6	0	5	
------------------
---- Way[17]:
	Finalized =	[0]
	NumOfPoints =	[4]
	TotalDist =	[3.83]
12	8	4	3	
------------------
---- Way[18]:
	Finalized =	[0]
	NumOfPoints =	[4]
	TotalDist =	[3.83]
12	8	4	9	
------------------
Inserted!
I = 14 FROM = 23 ---- Enter...
	 I = 14
from [23] - num = 1
num==1, from[23] to[-1]
From[23] To[22]
---- Way[0]:
	Finalized =	[1]
	NumOfPoints =	[1]
	TotalDist =	[0.00]
12	
------------------
---- Way[1]:
	Finalized =	[0]
	NumOfPoints =	[3]
	TotalDist =	[2.41]
12	6	11	
------------------
---- Way[2]:
	Finalized =	[0]
	NumOfPoints =	[3]
	TotalDist =	[2.41]
12	8	13	
------------------
---- Way[3]:
	Finalized =	[1]
	NumOfPoints =	[3]
	TotalDist =	[2.83]
12	16	20	
------------------
---- Way[4]:
	Finalized =	[1]
	NumOfPoints =	[3]
	TotalDist =	[2.83]
12	18	24	
------------------
---- Way[5]:
	Finalized =	[1]
	NumOfPoints =	[3]
	TotalDist =	[2.83]
12	6	0	
------------------
---- Way[6]:
	Finalized =	[0]
	NumOfPoints =	[3]
	TotalDist =	[2.41]
12	6	7	
------------------
---- Way[7]:
	Finalized =	[1]
	NumOfPoints =	[3]
	TotalDist =	[2.83]
12	8	4	
------------------
---- Way[8]:
	Finalized =	[0]
	NumOfPoints =	[3]
	TotalDist =	[2.41]
12	16	11	
------------------
---- Way[9]:
	Finalized =	[0]
	NumOfPoints =	[3]
	TotalDist =	[2.41]
12	16	17	
------------------
---- Way[10]:
	Finalized =	[0]
	NumOfPoints =	[5]
	TotalDist =	[4.83]
12	16	20	15	10	
------------------
---- Way[11]:
	Finalized =	[0]
	NumOfPoints =	[5]
	TotalDist =	[4.83]
12	16	20	21	22	
------------------
---- Way[12]:
	Finalized =	[0]
	NumOfPoints =	[3]
	TotalDist =	[2.41]
12	18	13	
------------------
---- Way[13]:
	Finalized =	[0]
	NumOfPoints =	[5]
	TotalDist =	[4.83]
12	18	24	19	14	
------------------
---- Way[14]:
	Finalized =	[0]
	NumOfPoints =	[5]
	TotalDist =	[4.83]
12	18	24	23	22	
------------------
---- Way[15]:
	Finalized =	[0]
	NumOfPoints =	[4]
	TotalDist =	[3.83]
12	6	0	1	
------------------
---- Way[16]:
	Finalized =	[0]
	NumOfPoints =	[4]
	TotalDist =	[3.83]
12	6	0	5	
------------------
---- Way[17]:
	Finalized =	[0]
	NumOfPoints =	[4]
	TotalDist =	[3.83]
12	8	4	3	
------------------
---- Way[18]:
	Finalized =	[0]
	NumOfPoints =	[4]
	TotalDist =	[3.83]
12	8	4	9	
------------------
Inserted!
I = 14 FROM = 22 ---- Enter...
	 I = 14
from [22] - num = 0
---- Way[0]:
	Finalized =	[1]
	NumOfPoints =	[1]
	TotalDist =	[0.00]
12	
------------------
---- Way[1]:
	Finalized =	[0]
	NumOfPoints =	[3]
	TotalDist =	[2.41]
12	6	11	
------------------
---- Way[2]:
	Finalized =	[0]
	NumOfPoints =	[3]
	TotalDist =	[2.41]
12	8	13	
------------------
---- Way[3]:
	Finalized =	[1]
	NumOfPoints =	[3]
	TotalDist =	[2.83]
12	16	20	
------------------
---- Way[4]:
	Finalized =	[1]
	NumOfPoints =	[3]
	TotalDist =	[2.83]
12	18	24	
------------------
---- Way[5]:
	Finalized =	[1]
	NumOfPoints =	[3]
	TotalDist =	[2.83]
12	6	0	
------------------
---- Way[6]:
	Finalized =	[0]
	NumOfPoints =	[3]
	TotalDist =	[2.41]
12	6	7	
------------------
---- Way[7]:
	Finalized =	[1]
	NumOfPoints =	[3]
	TotalDist =	[2.83]
12	8	4	
------------------
---- Way[8]:
	Finalized =	[0]
	NumOfPoints =	[3]
	TotalDist =	[2.41]
12	16	11	
------------------
---- Way[9]:
	Finalized =	[0]
	NumOfPoints =	[3]
	TotalDist =	[2.41]
12	16	17	
------------------
---- Way[10]:
	Finalized =	[0]
	NumOfPoints =	[5]
	TotalDist =	[4.83]
12	16	20	15	10	
------------------
---- Way[11]:
	Finalized =	[0]
	NumOfPoints =	[5]
	TotalDist =	[4.83]
12	16	20	21	22	
------------------
---- Way[12]:
	Finalized =	[0]
	NumOfPoints =	[3]
	TotalDist =	[2.41]
12	18	13	
------------------
---- Way[13]:
	Finalized =	[0]
	NumOfPoints =	[5]
	TotalDist =	[4.83]
12	18	24	19	14	
------------------
---- Way[14]:
	Finalized =	[0]
	NumOfPoints =	[5]
	TotalDist =	[4.83]
12	18	24	23	22	
------------------
---- Way[15]:
	Finalized =	[0]
	NumOfPoints =	[4]
	TotalDist =	[3.83]
12	6	0	1	
------------------
---- Way[16]:
	Finalized =	[0]
	NumOfPoints =	[4]
	TotalDist =	[3.83]
12	6	0	5	
------------------
---- Way[17]:
	Finalized =	[0]
	NumOfPoints =	[4]
	TotalDist =	[3.83]
12	8	4	3	
------------------
---- Way[18]:
	Finalized =	[0]
	NumOfPoints =	[4]
	TotalDist =	[3.83]
12	8	4	9	
------------------
Inserted!
I = 15 FROM = 1 ---- Enter...
	 I = 15
from [1] - num = 1
num==1, from[1] to[-1]
From[1] To[2]
---- Way[0]:
	Finalized =	[1]
	NumOfPoints =	[1]
	TotalDist =	[0.00]
12	
------------------
---- Way[1]:
	Finalized =	[0]
	NumOfPoints =	[3]
	TotalDist =	[2.41]
12	6	11	
------------------
---- Way[2]:
	Finalized =	[0]
	NumOfPoints =	[3]
	TotalDist =	[2.41]
12	8	13	
------------------
---- Way[3]:
	Finalized =	[1]
	NumOfPoints =	[3]
	TotalDist =	[2.83]
12	16	20	
------------------
---- Way[4]:
	Finalized =	[1]
	NumOfPoints =	[3]
	TotalDist =	[2.83]
12	18	24	
------------------
---- Way[5]:
	Finalized =	[1]
	NumOfPoints =	[3]
	TotalDist =	[2.83]
12	6	0	
------------------
---- Way[6]:
	Finalized =	[0]
	NumOfPoints =	[3]
	TotalDist =	[2.41]
12	6	7	
------------------
---- Way[7]:
	Finalized =	[1]
	NumOfPoints =	[3]
	TotalDist =	[2.83]
12	8	4	
------------------
---- Way[8]:
	Finalized =	[0]
	NumOfPoints =	[3]
	TotalDist =	[2.41]
12	16	11	
------------------
---- Way[9]:
	Finalized =	[0]
	NumOfPoints =	[3]
	TotalDist =	[2.41]
12	16	17	
------------------
---- Way[10]:
	Finalized =	[0]
	NumOfPoints =	[5]
	TotalDist =	[4.83]
12	16	20	15	10	
------------------
---- Way[11]:
	Finalized =	[0]
	NumOfPoints =	[5]
	TotalDist =	[4.83]
12	16	20	21	22	
------------------
---- Way[12]:
	Finalized =	[0]
	NumOfPoints =	[3]
	TotalDist =	[2.41]
12	18	13	
------------------
---- Way[13]:
	Finalized =	[0]
	NumOfPoints =	[5]
	TotalDist =	[4.83]
12	18	24	19	14	
------------------
---- Way[14]:
	Finalized =	[0]
	NumOfPoints =	[5]
	TotalDist =	[4.83]
12	18	24	23	22	
------------------
---- Way[15]:
	Finalized =	[0]
	NumOfPoints =	[5]
	TotalDist =	[4.83]
12	6	0	1	2	
------------------
---- Way[16]:
	Finalized =	[0]
	NumOfPoints =	[4]
	TotalDist =	[3.83]
12	6	0	5	
------------------
---- Way[17]:
	Finalized =	[0]
	NumOfPoints =	[4]
	TotalDist =	[3.83]
12	8	4	3	
------------------
---- Way[18]:
	Finalized =	[0]
	NumOfPoints =	[4]
	TotalDist =	[3.83]
12	8	4	9	
------------------
Inserted!
I = 15 FROM = 2 ---- Enter...
	 I = 15
from [2] - num = 0
---- Way[0]:
	Finalized =	[1]
	NumOfPoints =	[1]
	TotalDist =	[0.00]
12	
------------------
---- Way[1]:
	Finalized =	[0]
	NumOfPoints =	[3]
	TotalDist =	[2.41]
12	6	11	
------------------
---- Way[2]:
	Finalized =	[0]
	NumOfPoints =	[3]
	TotalDist =	[2.41]
12	8	13	
------------------
---- Way[3]:
	Finalized =	[1]
	NumOfPoints =	[3]
	TotalDist =	[2.83]
12	16	20	
------------------
---- Way[4]:
	Finalized =	[1]
	NumOfPoints =	[3]
	TotalDist =	[2.83]
12	18	24	
------------------
---- Way[5]:
	Finalized =	[1]
	NumOfPoints =	[3]
	TotalDist =	[2.83]
12	6	0	
------------------
---- Way[6]:
	Finalized =	[0]
	NumOfPoints =	[3]
	TotalDist =	[2.41]
12	6	7	
------------------
---- Way[7]:
	Finalized =	[1]
	NumOfPoints =	[3]
	TotalDist =	[2.83]
12	8	4	
------------------
---- Way[8]:
	Finalized =	[0]
	NumOfPoints =	[3]
	TotalDist =	[2.41]
12	16	11	
------------------
---- Way[9]:
	Finalized =	[0]
	NumOfPoints =	[3]
	TotalDist =	[2.41]
12	16	17	
------------------
---- Way[10]:
	Finalized =	[0]
	NumOfPoints =	[5]
	TotalDist =	[4.83]
12	16	20	15	10	
------------------
---- Way[11]:
	Finalized =	[0]
	NumOfPoints =	[5]
	TotalDist =	[4.83]
12	16	20	21	22	
------------------
---- Way[12]:
	Finalized =	[0]
	NumOfPoints =	[3]
	TotalDist =	[2.41]
12	18	13	
------------------
---- Way[13]:
	Finalized =	[0]
	NumOfPoints =	[5]
	TotalDist =	[4.83]
12	18	24	19	14	
------------------
---- Way[14]:
	Finalized =	[0]
	NumOfPoints =	[5]
	TotalDist =	[4.83]
12	18	24	23	22	
------------------
---- Way[15]:
	Finalized =	[0]
	NumOfPoints =	[5]
	TotalDist =	[4.83]
12	6	0	1	2	
------------------
---- Way[16]:
	Finalized =	[0]
	NumOfPoints =	[4]
	TotalDist =	[3.83]
12	6	0	5	
------------------
---- Way[17]:
	Finalized =	[0]
	NumOfPoints =	[4]
	TotalDist =	[3.83]
12	8	4	3	
------------------
---- Way[18]:
	Finalized =	[0]
	NumOfPoints =	[4]
	TotalDist =	[3.83]
12	8	4	9	
------------------
Inserted!
I = 16 FROM = 5 ---- Enter...
	 I = 16
from [5] - num = 1
num==1, from[5] to[-1]
From[5] To[10]
---- Way[0]:
	Finalized =	[1]
	NumOfPoints =	[1]
	TotalDist =	[0.00]
12	
------------------
---- Way[1]:
	Finalized =	[0]
	NumOfPoints =	[3]
	TotalDist =	[2.41]
12	6	11	
------------------
---- Way[2]:
	Finalized =	[0]
	NumOfPoints =	[3]
	TotalDist =	[2.41]
12	8	13	
------------------
---- Way[3]:
	Finalized =	[1]
	NumOfPoints =	[3]
	TotalDist =	[2.83]
12	16	20	
------------------
---- Way[4]:
	Finalized =	[1]
	NumOfPoints =	[3]
	TotalDist =	[2.83]
12	18	24	
------------------
---- Way[5]:
	Finalized =	[1]
	NumOfPoints =	[3]
	TotalDist =	[2.83]
12	6	0	
------------------
---- Way[6]:
	Finalized =	[0]
	NumOfPoints =	[3]
	TotalDist =	[2.41]
12	6	7	
------------------
---- Way[7]:
	Finalized =	[1]
	NumOfPoints =	[3]
	TotalDist =	[2.83]
12	8	4	
------------------
---- Way[8]:
	Finalized =	[0]
	NumOfPoints =	[3]
	TotalDist =	[2.41]
12	16	11	
------------------
---- Way[9]:
	Finalized =	[0]
	NumOfPoints =	[3]
	TotalDist =	[2.41]
12	16	17	
------------------
---- Way[10]:
	Finalized =	[0]
	NumOfPoints =	[5]
	TotalDist =	[4.83]
12	16	20	15	10	
------------------
---- Way[11]:
	Finalized =	[0]
	NumOfPoints =	[5]
	TotalDist =	[4.83]
12	16	20	21	22	
------------------
---- Way[12]:
	Finalized =	[0]
	NumOfPoints =	[3]
	TotalDist =	[2.41]
12	18	13	
------------------
---- Way[13]:
	Finalized =	[0]
	NumOfPoints =	[5]
	TotalDist =	[4.83]
12	18	24	19	14	
------------------
---- Way[14]:
	Finalized =	[0]
	NumOfPoints =	[5]
	TotalDist =	[4.83]
12	18	24	23	22	
------------------
---- Way[15]:
	Finalized =	[0]
	NumOfPoints =	[5]
	TotalDist =	[4.83]
12	6	0	1	2	
------------------
---- Way[16]:
	Finalized =	[0]
	NumOfPoints =	[5]
	TotalDist =	[4.83]
12	6	0	5	10	
------------------
---- Way[17]:
	Finalized =	[0]
	NumOfPoints =	[4]
	TotalDist =	[3.83]
12	8	4	3	
------------------
---- Way[18]:
	Finalized =	[0]
	NumOfPoints =	[4]
	TotalDist =	[3.83]
12	8	4	9	
------------------
Inserted!
I = 16 FROM = 10 ---- Enter...
	 I = 16
from [10] - num = 0
---- Way[0]:
	Finalized =	[1]
	NumOfPoints =	[1]
	TotalDist =	[0.00]
12	
------------------
---- Way[1]:
	Finalized =	[0]
	NumOfPoints =	[3]
	TotalDist =	[2.41]
12	6	11	
------------------
---- Way[2]:
	Finalized =	[0]
	NumOfPoints =	[3]
	TotalDist =	[2.41]
12	8	13	
------------------
---- Way[3]:
	Finalized =	[1]
	NumOfPoints =	[3]
	TotalDist =	[2.83]
12	16	20	
------------------
---- Way[4]:
	Finalized =	[1]
	NumOfPoints =	[3]
	TotalDist =	[2.83]
12	18	24	
------------------
---- Way[5]:
	Finalized =	[1]
	NumOfPoints =	[3]
	TotalDist =	[2.83]
12	6	0	
------------------
---- Way[6]:
	Finalized =	[0]
	NumOfPoints =	[3]
	TotalDist =	[2.41]
12	6	7	
------------------
---- Way[7]:
	Finalized =	[1]
	NumOfPoints =	[3]
	TotalDist =	[2.83]
12	8	4	
------------------
---- Way[8]:
	Finalized =	[0]
	NumOfPoints =	[3]
	TotalDist =	[2.41]
12	16	11	
------------------
---- Way[9]:
	Finalized =	[0]
	NumOfPoints =	[3]
	TotalDist =	[2.41]
12	16	17	
------------------
---- Way[10]:
	Finalized =	[0]
	NumOfPoints =	[5]
	TotalDist =	[4.83]
12	16	20	15	10	
------------------
---- Way[11]:
	Finalized =	[0]
	NumOfPoints =	[5]
	TotalDist =	[4.83]
12	16	20	21	22	
------------------
---- Way[12]:
	Finalized =	[0]
	NumOfPoints =	[3]
	TotalDist =	[2.41]
12	18	13	
------------------
---- Way[13]:
	Finalized =	[0]
	NumOfPoints =	[5]
	TotalDist =	[4.83]
12	18	24	19	14	
------------------
---- Way[14]:
	Finalized =	[0]
	NumOfPoints =	[5]
	TotalDist =	[4.83]
12	18	24	23	22	
------------------
---- Way[15]:
	Finalized =	[0]
	NumOfPoints =	[5]
	TotalDist =	[4.83]
12	6	0	1	2	
------------------
---- Way[16]:
	Finalized =	[0]
	NumOfPoints =	[5]
	TotalDist =	[4.83]
12	6	0	5	10	
------------------
---- Way[17]:
	Finalized =	[0]
	NumOfPoints =	[4]
	TotalDist =	[3.83]
12	8	4	3	
------------------
---- Way[18]:
	Finalized =	[0]
	NumOfPoints =	[4]
	TotalDist =	[3.83]
12	8	4	9	
------------------
Inserted!
I = 17 FROM = 3 ---- Enter...
	 I = 17
from [3] - num = 1
num==1, from[3] to[-1]
From[3] To[2]
---- Way[0]:
	Finalized =	[1]
	NumOfPoints =	[1]
	TotalDist =	[0.00]
12	
------------------
---- Way[1]:
	Finalized =	[0]
	NumOfPoints =	[3]
	TotalDist =	[2.41]
12	6	11	
------------------
---- Way[2]:
	Finalized =	[0]
	NumOfPoints =	[3]
	TotalDist =	[2.41]
12	8	13	
------------------
---- Way[3]:
	Finalized =	[1]
	NumOfPoints =	[3]
	TotalDist =	[2.83]
12	16	20	
------------------
---- Way[4]:
	Finalized =	[1]
	NumOfPoints =	[3]
	TotalDist =	[2.83]
12	18	24	
------------------
---- Way[5]:
	Finalized =	[1]
	NumOfPoints =	[3]
	TotalDist =	[2.83]
12	6	0	
------------------
---- Way[6]:
	Finalized =	[0]
	NumOfPoints =	[3]
	TotalDist =	[2.41]
12	6	7	
------------------
---- Way[7]:
	Finalized =	[1]
	NumOfPoints =	[3]
	TotalDist =	[2.83]
12	8	4	
------------------
---- Way[8]:
	Finalized =	[0]
	NumOfPoints =	[3]
	TotalDist =	[2.41]
12	16	11	
------------------
---- Way[9]:
	Finalized =	[0]
	NumOfPoints =	[3]
	TotalDist =	[2.41]
12	16	17	
------------------
---- Way[10]:
	Finalized =	[0]
	NumOfPoints =	[5]
	TotalDist =	[4.83]
12	16	20	15	10	
------------------
---- Way[11]:
	Finalized =	[0]
	NumOfPoints =	[5]
	TotalDist =	[4.83]
12	16	20	21	22	
------------------
---- Way[12]:
	Finalized =	[0]
	NumOfPoints =	[3]
	TotalDist =	[2.41]
12	18	13	
------------------
---- Way[13]:
	Finalized =	[0]
	NumOfPoints =	[5]
	TotalDist =	[4.83]
12	18	24	19	14	
------------------
---- Way[14]:
	Finalized =	[0]
	NumOfPoints =	[5]
	TotalDist =	[4.83]
12	18	24	23	22	
------------------
---- Way[15]:
	Finalized =	[0]
	NumOfPoints =	[5]
	TotalDist =	[4.83]
12	6	0	1	2	
------------------
---- Way[16]:
	Finalized =	[0]
	NumOfPoints =	[5]
	TotalDist =	[4.83]
12	6	0	5	10	
------------------
---- Way[17]:
	Finalized =	[0]
	NumOfPoints =	[5]
	TotalDist =	[4.83]
12	8	4	3	2	
------------------
---- Way[18]:
	Finalized =	[0]
	NumOfPoints =	[4]
	TotalDist =	[3.83]
12	8	4	9	
------------------
Inserted!
I = 17 FROM = 2 ---- Enter...
	 I = 17
from [2] - num = 0
---- Way[0]:
	Finalized =	[1]
	NumOfPoints =	[1]
	TotalDist =	[0.00]
12	
------------------
---- Way[1]:
	Finalized =	[0]
	NumOfPoints =	[3]
	TotalDist =	[2.41]
12	6	11	
------------------
---- Way[2]:
	Finalized =	[0]
	NumOfPoints =	[3]
	TotalDist =	[2.41]
12	8	13	
------------------
---- Way[3]:
	Finalized =	[1]
	NumOfPoints =	[3]
	TotalDist =	[2.83]
12	16	20	
------------------
---- Way[4]:
	Finalized =	[1]
	NumOfPoints =	[3]
	TotalDist =	[2.83]
12	18	24	
------------------
---- Way[5]:
	Finalized =	[1]
	NumOfPoints =	[3]
	TotalDist =	[2.83]
12	6	0	
------------------
---- Way[6]:
	Finalized =	[0]
	NumOfPoints =	[3]
	TotalDist =	[2.41]
12	6	7	
------------------
---- Way[7]:
	Finalized =	[1]
	NumOfPoints =	[3]
	TotalDist =	[2.83]
12	8	4	
------------------
---- Way[8]:
	Finalized =	[0]
	NumOfPoints =	[3]
	TotalDist =	[2.41]
12	16	11	
------------------
---- Way[9]:
	Finalized =	[0]
	NumOfPoints =	[3]
	TotalDist =	[2.41]
12	16	17	
------------------
---- Way[10]:
	Finalized =	[0]
	NumOfPoints =	[5]
	TotalDist =	[4.83]
12	16	20	15	10	
------------------
---- Way[11]:
	Finalized =	[0]
	NumOfPoints =	[5]
	TotalDist =	[4.83]
12	16	20	21	22	
------------------
---- Way[12]:
	Finalized =	[0]
	NumOfPoints =	[3]
	TotalDist =	[2.41]
12	18	13	
------------------
---- Way[13]:
	Finalized =	[0]
	NumOfPoints =	[5]
	TotalDist =	[4.83]
12	18	24	19	14	
------------------
---- Way[14]:
	Finalized =	[0]
	NumOfPoints =	[5]
	TotalDist =	[4.83]
12	18	24	23	22	
------------------
---- Way[15]:
	Finalized =	[0]
	NumOfPoints =	[5]
	TotalDist =	[4.83]
12	6	0	1	2	
------------------
---- Way[16]:
	Finalized =	[0]
	NumOfPoints =	[5]
	TotalDist =	[4.83]
12	6	0	5	10	
------------------
---- Way[17]:
	Finalized =	[0]
	NumOfPoints =	[5]
	TotalDist =	[4.83]
12	8	4	3	2	
------------------
---- Way[18]:
	Finalized =	[0]
	NumOfPoints =	[4]
	TotalDist =	[3.83]
12	8	4	9	
------------------
Inserted!
I = 18 FROM = 9 ---- Enter...
	 I = 18
from [9] - num = 1
num==1, from[9] to[-1]
From[9] To[14]
---- Way[0]:
	Finalized =	[1]
	NumOfPoints =	[1]
	TotalDist =	[0.00]
12	
------------------
---- Way[1]:
	Finalized =	[0]
	NumOfPoints =	[3]
	TotalDist =	[2.41]
12	6	11	
------------------
---- Way[2]:
	Finalized =	[0]
	NumOfPoints =	[3]
	TotalDist =	[2.41]
12	8	13	
------------------
---- Way[3]:
	Finalized =	[1]
	NumOfPoints =	[3]
	TotalDist =	[2.83]
12	16	20	
------------------
---- Way[4]:
	Finalized =	[1]
	NumOfPoints =	[3]
	TotalDist =	[2.83]
12	18	24	
------------------
---- Way[5]:
	Finalized =	[1]
	NumOfPoints =	[3]
	TotalDist =	[2.83]
12	6	0	
------------------
---- Way[6]:
	Finalized =	[0]
	NumOfPoints =	[3]
	TotalDist =	[2.41]
12	6	7	
------------------
---- Way[7]:
	Finalized =	[1]
	NumOfPoints =	[3]
	TotalDist =	[2.83]
12	8	4	
------------------
---- Way[8]:
	Finalized =	[0]
	NumOfPoints =	[3]
	TotalDist =	[2.41]
12	16	11	
------------------
---- Way[9]:
	Finalized =	[0]
	NumOfPoints =	[3]
	TotalDist =	[2.41]
12	16	17	
------------------
---- Way[10]:
	Finalized =	[0]
	NumOfPoints =	[5]
	TotalDist =	[4.83]
12	16	20	15	10	
------------------
---- Way[11]:
	Finalized =	[0]
	NumOfPoints =	[5]
	TotalDist =	[4.83]
12	16	20	21	22	
------------------
---- Way[12]:
	Finalized =	[0]
	NumOfPoints =	[3]
	TotalDist =	[2.41]
12	18	13	
------------------
---- Way[13]:
	Finalized =	[0]
	NumOfPoints =	[5]
	TotalDist =	[4.83]
12	18	24	19	14	
------------------
---- Way[14]:
	Finalized =	[0]
	NumOfPoints =	[5]
	TotalDist =	[4.83]
12	18	24	23	22	
------------------
---- Way[15]:
	Finalized =	[0]
	NumOfPoints =	[5]
	TotalDist =	[4.83]
12	6	0	1	2	
------------------
---- Way[16]:
	Finalized =	[0]
	NumOfPoints =	[5]
	TotalDist =	[4.83]
12	6	0	5	10	
------------------
---- Way[17]:
	Finalized =	[0]
	NumOfPoints =	[5]
	TotalDist =	[4.83]
12	8	4	3	2	
------------------
---- Way[18]:
	Finalized =	[0]
	NumOfPoints =	[5]
	TotalDist =	[4.83]
12	8	4	9	14	
------------------
Inserted!
I = 18 FROM = 14 ---- Enter...
	 I = 18
from [14] - num = 0
---- Way[0]:
	Finalized =	[1]
	NumOfPoints =	[1]
	TotalDist =	[0.00]
12	
------------------
---- Way[1]:
	Finalized =	[0]
	NumOfPoints =	[3]
	TotalDist =	[2.41]
12	6	11	
------------------
---- Way[2]:
	Finalized =	[0]
	NumOfPoints =	[3]
	TotalDist =	[2.41]
12	8	13	
------------------
---- Way[3]:
	Finalized =	[1]
	NumOfPoints =	[3]
	TotalDist =	[2.83]
12	16	20	
------------------
---- Way[4]:
	Finalized =	[1]
	NumOfPoints =	[3]
	TotalDist =	[2.83]
12	18	24	
------------------
---- Way[5]:
	Finalized =	[1]
	NumOfPoints =	[3]
	TotalDist =	[2.83]
12	6	0	
------------------
---- Way[6]:
	Finalized =	[0]
	NumOfPoints =	[3]
	TotalDist =	[2.41]
12	6	7	
------------------
---- Way[7]:
	Finalized =	[1]
	NumOfPoints =	[3]
	TotalDist =	[2.83]
12	8	4	
------------------
---- Way[8]:
	Finalized =	[0]
	NumOfPoints =	[3]
	TotalDist =	[2.41]
12	16	11	
------------------
---- Way[9]:
	Finalized =	[0]
	NumOfPoints =	[3]
	TotalDist =	[2.41]
12	16	17	
------------------
---- Way[10]:
	Finalized =	[0]
	NumOfPoints =	[5]
	TotalDist =	[4.83]
12	16	20	15	10	
------------------
---- Way[11]:
	Finalized =	[0]
	NumOfPoints =	[5]
	TotalDist =	[4.83]
12	16	20	21	22	
------------------
---- Way[12]:
	Finalized =	[0]
	NumOfPoints =	[3]
	TotalDist =	[2.41]
12	18	13	
------------------
---- Way[13]:
	Finalized =	[0]
	NumOfPoints =	[5]
	TotalDist =	[4.83]
12	18	24	19	14	
------------------
---- Way[14]:
	Finalized =	[0]
	NumOfPoints =	[5]
	TotalDist =	[4.83]
12	18	24	23	22	
------------------
---- Way[15]:
	Finalized =	[0]
	NumOfPoints =	[5]
	TotalDist =	[4.83]
12	6	0	1	2	
------------------
---- Way[16]:
	Finalized =	[0]
	NumOfPoints =	[5]
	TotalDist =	[4.83]
12	6	0	5	10	
------------------
---- Way[17]:
	Finalized =	[0]
	NumOfPoints =	[5]
	TotalDist =	[4.83]
12	8	4	3	2	
------------------
---- Way[18]:
	Finalized =	[0]
	NumOfPoints =	[5]
	TotalDist =	[4.83]
12	8	4	9	14	
------------------
Inserted!
I = 19 FROM = 14 ---- Enter...
Printing WAYS...
---- Way[0]:
	Finalized =	[1]
	NumOfPoints =	[1]
	TotalDist =	[0.00]
12	
------------------
---- Way[1]:
	Finalized =	[0]
	NumOfPoints =	[3]
	TotalDist =	[2.41]
12	6	11	
------------------
---- Way[2]:
	Finalized =	[0]
	NumOfPoints =	[3]
	TotalDist =	[2.41]
12	8	13	
------------------
---- Way[3]:
	Finalized =	[1]
	NumOfPoints =	[3]
	TotalDist =	[2.83]
12	16	20	
------------------
---- Way[4]:
	Finalized =	[1]
	NumOfPoints =	[3]
	TotalDist =	[2.83]
12	18	24	
------------------
---- Way[5]:
	Finalized =	[1]
	NumOfPoints =	[3]
	TotalDist =	[2.83]
12	6	0	
------------------
---- Way[6]:
	Finalized =	[0]
	NumOfPoints =	[3]
	TotalDist =	[2.41]
12	6	7	
------------------
---- Way[7]:
	Finalized =	[1]
	NumOfPoints =	[3]
	TotalDist =	[2.83]
12	8	4	
------------------
---- Way[8]:
	Finalized =	[0]
	NumOfPoints =	[3]
	TotalDist =	[2.41]
12	16	11	
------------------
---- Way[9]:
	Finalized =	[0]
	NumOfPoints =	[3]
	TotalDist =	[2.41]
12	16	17	
------------------
---- Way[10]:
	Finalized =	[0]
	NumOfPoints =	[5]
	TotalDist =	[4.83]
12	16	20	15	10	
------------------
---- Way[11]:
	Finalized =	[0]
	NumOfPoints =	[5]
	TotalDist =	[4.83]
12	16	20	21	22	
------------------
---- Way[12]:
	Finalized =	[0]
	NumOfPoints =	[3]
	TotalDist =	[2.41]
12	18	13	
------------------
---- Way[13]:
	Finalized =	[0]
	NumOfPoints =	[5]
	TotalDist =	[4.83]
12	18	24	19	14	
------------------
---- Way[14]:
	Finalized =	[0]
	NumOfPoints =	[5]
	TotalDist =	[4.83]
12	18	24	23	22	
------------------
---- Way[15]:
	Finalized =	[0]
	NumOfPoints =	[5]
	TotalDist =	[4.83]
12	6	0	1	2	
------------------
---- Way[16]:
	Finalized =	[0]
	NumOfPoints =	[5]
	TotalDist =	[4.83]
12	6	0	5	10	
------------------
---- Way[17]:
	Finalized =	[0]
	NumOfPoints =	[5]
	TotalDist =	[4.83]
12	8	4	3	2	
------------------
---- Way[18]:
	Finalized =	[0]
	NumOfPoints =	[5]
	TotalDist =	[4.83]
12	8	4	9	14	
------------------
---- 	 Way[0]
	 Last element [12]
chamber[0].v = 1
chamber[1].v = 5
chamber[2].v = 13
Entrou:: chamber[2].o = 1
chamber[3].v = 21
chamber[4].v = 25
-------------
---- 	 Way[1]
	 Last element [11]
chamber[0].v = 1
chamber[1].v = 5
chamber[2].v = 13
chamber[3].v = 21
chamber[4].v = 25
-------------
---- 	 Way[2]
	 Last element [13]
chamber[0].v = 1
chamber[1].v = 5
chamber[2].v = 13
chamber[3].v = 21
chamber[4].v = 25
-------------
---- 	 Way[3]
	 Last element [20]
chamber[0].v = 1
chamber[1].v = 5
chamber[2].v = 13
chamber[3].v = 21
Entrou:: chamber[3].o = 1
chamber[4].v = 25
-------------
---- 	 Way[4]
	 Last element [24]
chamber[0].v = 1
chamber[1].v = 5
chamber[2].v = 13
chamber[3].v = 21
chamber[4].v = 25
Entrou:: chamber[4].o = 1
-------------
---- 	 Way[5]
	 Last element [0]
chamber[0].v = 1
Entrou:: chamber[0].o = 1
chamber[1].v = 5
chamber[2].v = 13
chamber[3].v = 21
chamber[4].v = 25
-------------
---- 	 Way[6]
	 Last element [7]
chamber[0].v = 1
chamber[1].v = 5
chamber[2].v = 13
chamber[3].v = 21
chamber[4].v = 25
-------------
---- 	 Way[7]
	 Last element [4]
chamber[0].v = 1
chamber[1].v = 5
Entrou:: chamber[1].o = 1
chamber[2].v = 13
chamber[3].v = 21
chamber[4].v = 25
-------------
---- 	 Way[8]
	 Last element [11]
chamber[0].v = 1
chamber[1].v = 5
chamber[2].v = 13
chamber[3].v = 21
chamber[4].v = 25
-------------
---- 	 Way[9]
	 Last element [17]
chamber[0].v = 1
chamber[1].v = 5
chamber[2].v = 13
chamber[3].v = 21
chamber[4].v = 25
-------------
---- 	 Way[10]
	 Last element [10]
chamber[0].v = 1
chamber[1].v = 5
chamber[2].v = 13
chamber[3].v = 21
chamber[4].v = 25
-------------
---- 	 Way[11]
	 Last element [22]
chamber[0].v = 1
chamber[1].v = 5
chamber[2].v = 13
chamber[3].v = 21
chamber[4].v = 25
-------------
---- 	 Way[12]
	 Last element [13]
chamber[0].v = 1
chamber[1].v = 5
chamber[2].v = 13
chamber[3].v = 21
chamber[4].v = 25
-------------
---- 	 Way[13]
	 Last element [14]
chamber[0].v = 1
chamber[1].v = 5
chamber[2].v = 13
chamber[3].v = 21
chamber[4].v = 25
-------------
---- 	 Way[14]
	 Last element [22]
chamber[0].v = 1
chamber[1].v = 5
chamber[2].v = 13
chamber[3].v = 21
chamber[4].v = 25
-------------
---- 	 Way[15]
	 Last element [2]
chamber[0].v = 1
chamber[1].v = 5
chamber[2].v = 13
chamber[3].v = 21
chamber[4].v = 25
-------------
---- 	 Way[16]
	 Last element [10]
chamber[0].v = 1
chamber[1].v = 5
chamber[2].v = 13
chamber[3].v = 21
chamber[4].v = 25
-------------
---- 	 Way[17]
	 Last element [2]
chamber[0].v = 1
chamber[1].v = 5
chamber[2].v = 13
chamber[3].v = 21
chamber[4].v = 25
-------------
---- 	 Way[18]
	 Last element [14]
chamber[0].v = 1
chamber[1].v = 5
chamber[2].v = 13
chamber[3].v = 21
chamber[4].v = 25
-------------

 ------ 	 Printing CORRECT WAYS...
1 13 0
3 13 17 21 2
3 13 7 1 2
3 13 9 5 2
3 13 19 25 2
